<?xml version="1.0" encoding="UTF-8"?>
<coverage generated="1590387660288" clover="3.2.0">
  <project timestamp="1590387660288" name="All files">
    <metrics statements="378" coveredstatements="327" conditionals="181" coveredconditionals="123" methods="155" coveredmethods="113" elements="714" coveredelements="563" complexity="0" loc="378" ncloc="378" packages="15" files="37" classes="37"/>
    <package name="app">
      <metrics statements="26" coveredstatements="26" conditionals="7" coveredconditionals="7" methods="4" coveredmethods="4"/>
      <file name="configureStore.js" path="/Users/niteshkumar/Desktop/Test/react-template/app/configureStore.js">
        <metrics statements="13" coveredstatements="13" conditionals="1" coveredconditionals="1" methods="1" coveredmethods="1"/>
        <line num="14" count="13" type="stmt"/>
        <line num="21" count="13" type="stmt"/>
        <line num="24" count="35" type="stmt"/>
        <line num="25" count="35" type="stmt"/>
        <line num="44" count="35" type="stmt"/>
        <line num="49" count="35" type="stmt"/>
        <line num="51" count="35" type="stmt"/>
        <line num="53" count="35" type="stmt"/>
        <line num="59" count="35" type="stmt"/>
        <line num="62" count="35" type="stmt"/>
        <line num="63" count="35" type="stmt"/>
        <line num="64" count="35" type="stmt"/>
        <line num="74" count="35" type="stmt"/>
      </file>
      <file name="i18n.js" path="/Users/niteshkumar/Desktop/Test/react-template/app/i18n.js">
        <metrics statements="10" coveredstatements="10" conditionals="6" coveredconditionals="6" methods="2" coveredmethods="2"/>
        <line num="14" count="16" type="stmt"/>
        <line num="16" count="16" type="stmt"/>
        <line num="19" count="16" type="stmt"/>
        <line num="23" count="16" type="stmt"/>
        <line num="25" count="19" type="cond" truecount="2" falsecount="0"/>
        <line num="28" count="19" type="stmt"/>
        <line num="30" count="217" type="cond" truecount="4" falsecount="0"/>
        <line num="33" count="217" type="stmt"/>
        <line num="35" count="19" type="stmt"/>
        <line num="38" count="16" type="stmt"/>
      </file>
      <file name="reducers.js" path="/Users/niteshkumar/Desktop/Test/react-template/app/reducers.js">
        <metrics statements="2" coveredstatements="2" conditionals="0" coveredconditionals="0" methods="1" coveredmethods="1"/>
        <line num="17" count="13" type="stmt"/>
        <line num="24" count="13" type="stmt"/>
      </file>
      <file name="routeConfig.js" path="/Users/niteshkumar/Desktop/Test/react-template/app/routeConfig.js">
        <metrics statements="1" coveredstatements="1" conditionals="0" coveredconditionals="0" methods="0" coveredmethods="0"/>
        <line num="5" count="1" type="stmt"/>
      </file>
    </package>
    <package name="app.components.Clickable">
      <metrics statements="3" coveredstatements="3" conditionals="2" coveredconditionals="2" methods="1" coveredmethods="1"/>
      <file name="index.js" path="/Users/niteshkumar/Desktop/Test/react-template/app/components/Clickable/index.js">
        <metrics statements="3" coveredstatements="3" conditionals="2" coveredconditionals="2" methods="1" coveredmethods="1"/>
        <line num="12" count="3" type="stmt"/>
        <line num="19" count="9" type="stmt"/>
        <line num="26" count="3" type="stmt"/>
      </file>
    </package>
    <package name="app.components.For">
      <metrics statements="12" coveredstatements="12" conditionals="13" coveredconditionals="12" methods="6" coveredmethods="6"/>
      <file name="index.js" path="/Users/niteshkumar/Desktop/Test/react-template/app/components/For/index.js">
        <metrics statements="12" coveredstatements="12" conditionals="13" coveredconditionals="12" methods="6" coveredmethods="6"/>
        <line num="11" count="2" type="stmt"/>
        <line num="13" count="1" type="cond" truecount="1" falsecount="1"/>
        <line num="18" count="1" type="cond" truecount="1" falsecount="0"/>
        <line num="23" count="5" type="stmt"/>
        <line num="24" count="6" type="stmt"/>
        <line num="25" count="5" type="stmt"/>
        <line num="26" count="2" type="stmt"/>
        <line num="30" count="5" type="cond" truecount="2" falsecount="0"/>
        <line num="31" count="2" type="cond" truecount="4" falsecount="0"/>
        <line num="33" count="3" type="cond" truecount="4" falsecount="0"/>
        <line num="36" count="2" type="stmt"/>
        <line num="44" count="2" type="stmt"/>
      </file>
    </package>
    <package name="app.components.Header">
      <metrics statements="4" coveredstatements="4" conditionals="0" coveredconditionals="0" methods="1" coveredmethods="1"/>
      <file name="index.js" path="/Users/niteshkumar/Desktop/Test/react-template/app/components/Header/index.js">
        <metrics statements="4" coveredstatements="4" conditionals="0" coveredconditionals="0" methods="1" coveredmethods="1"/>
        <line num="14" count="2" type="stmt"/>
        <line num="25" count="2" type="stmt"/>
        <line num="30" count="2" type="stmt"/>
        <line num="39" count="2" type="stmt"/>
      </file>
    </package>
    <package name="app.components.If">
      <metrics statements="3" coveredstatements="3" conditionals="2" coveredconditionals="2" methods="1" coveredmethods="1"/>
      <file name="index.js" path="/Users/niteshkumar/Desktop/Test/react-template/app/components/If/index.js">
        <metrics statements="3" coveredstatements="3" conditionals="2" coveredconditionals="2" methods="1" coveredmethods="1"/>
        <line num="4" count="23" type="cond" truecount="2" falsecount="0"/>
        <line num="5" count="6" type="stmt"/>
        <line num="16" count="6" type="stmt"/>
      </file>
    </package>
    <package name="app.components.IntlGlobalProvider">
      <metrics statements="5" coveredstatements="3" conditionals="1" coveredconditionals="0" methods="3" coveredmethods="1"/>
      <file name="index.js" path="/Users/niteshkumar/Desktop/Test/react-template/app/components/IntlGlobalProvider/index.js">
        <metrics statements="5" coveredstatements="3" conditionals="1" coveredconditionals="0" methods="3" coveredmethods="1"/>
        <line num="9" count="8" type="stmt"/>
        <line num="10" count="8" type="stmt"/>
        <line num="15" count="0" type="stmt"/>
        <line num="18" count="10" type="cond" truecount="0" falsecount="1"/>
        <line num="19" count="0" type="stmt"/>
      </file>
    </package>
    <package name="app.components.T">
      <metrics statements="9" coveredstatements="9" conditionals="4" coveredconditionals="4" methods="5" coveredmethods="5"/>
      <file name="index.js" path="/Users/niteshkumar/Desktop/Test/react-template/app/components/T/index.js">
        <metrics statements="9" coveredstatements="9" conditionals="4" coveredconditionals="4" methods="5" coveredmethods="5"/>
        <line num="14" count="6" type="stmt"/>
        <line num="16" count="23" type="cond" truecount="2" falsecount="0"/>
        <line num="17" count="23" type="stmt"/>
        <line num="20" count="24" type="cond" truecount="2" falsecount="0"/>
        <line num="21" count="6" type="stmt"/>
        <line num="22" count="24" type="stmt"/>
        <line num="34" count="6" type="stmt"/>
        <line num="42" count="6" type="stmt"/>
        <line num="47" count="6" type="stmt"/>
      </file>
    </package>
    <package name="app.containers.App">
      <metrics statements="13" coveredstatements="6" conditionals="0" coveredconditionals="0" methods="7" coveredmethods="3"/>
      <file name="index.js" path="/Users/niteshkumar/Desktop/Test/react-template/app/containers/App/index.js">
        <metrics statements="9" coveredstatements="2" conditionals="0" coveredconditionals="0" methods="4" coveredmethods="0"/>
        <line num="24" count="1" type="stmt"/>
        <line num="30" count="0" type="stmt"/>
        <line num="35" count="0" type="stmt"/>
        <line num="38" count="0" type="stmt"/>
        <line num="39" count="0" type="stmt"/>
        <line num="40" count="0" type="stmt"/>
        <line num="46" count="0" type="stmt"/>
        <line num="50" count="0" type="stmt"/>
        <line num="61" count="1" type="stmt"/>
      </file>
      <file name="selectors.js" path="/Users/niteshkumar/Desktop/Test/react-template/app/containers/App/selectors.js">
        <metrics statements="4" coveredstatements="4" conditionals="0" coveredconditionals="0" methods="3" coveredmethods="3"/>
        <line num="3" count="1" type="stmt"/>
        <line num="5" count="1" type="stmt"/>
        <line num="6" count="1" type="stmt"/>
        <line num="8" count="1" type="stmt"/>
      </file>
    </package>
    <package name="app.containers.HomeContainer">
      <metrics statements="80" coveredstatements="69" conditionals="37" coveredconditionals="29" methods="30" coveredmethods="24"/>
      <file name="index.js" path="/Users/niteshkumar/Desktop/Test/react-template/app/containers/HomeContainer/index.js">
        <metrics statements="48" coveredstatements="38" conditionals="28" coveredconditionals="22" methods="17" coveredmethods="11"/>
        <line num="25" count="1" type="stmt"/>
        <line num="27" count="1" type="stmt"/>
        <line num="30" count="10" type="stmt"/>
        <line num="31" count="10" type="stmt"/>
        <line num="32" count="10" type="cond" truecount="2" falsecount="0"/>
        <line num="35" count="1" type="stmt"/>
        <line num="39" count="5" type="stmt"/>
        <line num="42" count="5" type="stmt"/>
        <line num="45" count="1" type="stmt"/>
        <line num="59" count="5" type="stmt"/>
        <line num="60" count="5" type="stmt"/>
        <line num="62" count="5" type="stmt"/>
        <line num="65" count="5" type="cond" truecount="2" falsecount="0"/>
        <line num="66" count="5" type="cond" truecount="3" falsecount="1"/>
        <line num="67" count="0" type="stmt"/>
        <line num="71" count="5" type="stmt"/>
        <line num="73" count="5" type="stmt"/>
        <line num="74" count="3" type="cond" truecount="2" falsecount="0"/>
        <line num="75" count="2" type="stmt"/>
        <line num="76" count="2" type="stmt"/>
        <line num="78" count="1" type="stmt"/>
        <line num="81" count="5" type="stmt"/>
        <line num="83" count="5" type="stmt"/>
        <line num="84" count="5" type="stmt"/>
        <line num="85" count="5" type="stmt"/>
        <line num="86" count="5" type="stmt"/>
        <line num="101" count="0" type="stmt"/>
        <line num="112" count="5" type="stmt"/>
        <line num="114" count="5" type="cond" truecount="1" falsecount="1"/>
        <line num="115" count="0" type="stmt"/>
        <line num="116" count="5" type="cond" truecount="1" falsecount="1"/>
        <line num="117" count="5" type="stmt"/>
        <line num="119" count="5" type="stmt"/>
        <line num="131" count="5" type="stmt"/>
        <line num="132" count="0" type="stmt"/>
        <line num="133" count="0" type="stmt"/>
        <line num="135" count="5" type="stmt"/>
        <line num="149" count="3" type="stmt"/>
        <line num="150" count="0" type="stmt"/>
        <line num="159" count="1" type="stmt"/>
        <line num="175" count="1" type="stmt"/>
        <line num="180" count="1" type="stmt"/>
        <line num="188" count="0" type="stmt"/>
        <line num="189" count="0" type="stmt"/>
        <line num="190" count="0" type="stmt"/>
        <line num="191" count="0" type="stmt"/>
        <line num="195" count="1" type="stmt"/>
        <line num="206" count="1" type="stmt"/>
      </file>
      <file name="reducer.js" path="/Users/niteshkumar/Desktop/Test/react-template/app/containers/HomeContainer/reducer.js">
        <metrics statements="10" coveredstatements="9" conditionals="5" coveredconditionals="4" methods="2" coveredmethods="2"/>
        <line num="14" count="16" type="stmt"/>
        <line num="20" count="16" type="stmt"/>
        <line num="23" count="16" type="cond" truecount="1" falsecount="0"/>
        <line num="24" count="143" type="stmt"/>
        <line num="25" count="143" type="cond" truecount="3" falsecount="1"/>
        <line num="27" count="1" type="stmt"/>
        <line num="29" count="0" type="stmt"/>
        <line num="31" count="1" type="stmt"/>
        <line num="33" count="1" type="stmt"/>
        <line num="38" count="140" type="stmt"/>
      </file>
      <file name="saga.js" path="/Users/niteshkumar/Desktop/Test/react-template/app/containers/HomeContainer/saga.js">
        <metrics statements="8" coveredstatements="8" conditionals="2" coveredconditionals="2" methods="2" coveredmethods="2"/>
        <line num="5" count="2" type="stmt"/>
        <line num="6" count="2" type="stmt"/>
        <line num="8" count="2" type="stmt"/>
        <line num="9" count="2" type="stmt"/>
        <line num="10" count="2" type="cond" truecount="2" falsecount="0"/>
        <line num="11" count="1" type="stmt"/>
        <line num="13" count="1" type="stmt"/>
        <line num="18" count="4" type="stmt"/>
      </file>
      <file name="selectors.js" path="/Users/niteshkumar/Desktop/Test/react-template/app/containers/HomeContainer/selectors.js">
        <metrics statements="14" coveredstatements="14" conditionals="2" coveredconditionals="1" methods="9" coveredmethods="9"/>
        <line num="9" count="2" type="stmt"/>
        <line num="10" count="4" type="cond" truecount="1" falsecount="1"/>
        <line num="20" count="2" type="stmt"/>
        <line num="21" count="2" type="stmt"/>
        <line num="23" count="1" type="stmt"/>
        <line num="26" count="2" type="stmt"/>
        <line num="27" count="2" type="stmt"/>
        <line num="29" count="1" type="stmt"/>
        <line num="32" count="2" type="stmt"/>
        <line num="33" count="2" type="stmt"/>
        <line num="35" count="1" type="stmt"/>
        <line num="38" count="2" type="stmt"/>
        <line num="39" count="2" type="stmt"/>
        <line num="41" count="1" type="stmt"/>
      </file>
    </package>
    <package name="app.containers.ItuneContainer">
      <metrics statements="80" coveredstatements="69" conditionals="37" coveredconditionals="29" methods="30" coveredmethods="24"/>
      <file name="index.js" path="/Users/niteshkumar/Desktop/Test/react-template/app/containers/ItuneContainer/index.js">
        <metrics statements="48" coveredstatements="38" conditionals="28" coveredconditionals="22" methods="17" coveredmethods="11"/>
        <line num="25" count="1" type="stmt"/>
        <line num="27" count="1" type="stmt"/>
        <line num="30" count="10" type="stmt"/>
        <line num="31" count="10" type="stmt"/>
        <line num="32" count="10" type="cond" truecount="2" falsecount="0"/>
        <line num="35" count="1" type="stmt"/>
        <line num="39" count="5" type="stmt"/>
        <line num="42" count="5" type="stmt"/>
        <line num="45" count="1" type="stmt"/>
        <line num="59" count="5" type="stmt"/>
        <line num="60" count="5" type="stmt"/>
        <line num="62" count="5" type="stmt"/>
        <line num="65" count="5" type="cond" truecount="2" falsecount="0"/>
        <line num="66" count="5" type="cond" truecount="3" falsecount="1"/>
        <line num="67" count="0" type="stmt"/>
        <line num="71" count="5" type="stmt"/>
        <line num="73" count="5" type="stmt"/>
        <line num="74" count="3" type="cond" truecount="2" falsecount="0"/>
        <line num="75" count="2" type="stmt"/>
        <line num="76" count="2" type="stmt"/>
        <line num="78" count="1" type="stmt"/>
        <line num="81" count="5" type="stmt"/>
        <line num="83" count="5" type="stmt"/>
        <line num="84" count="5" type="stmt"/>
        <line num="85" count="5" type="stmt"/>
        <line num="86" count="5" type="stmt"/>
        <line num="101" count="0" type="stmt"/>
        <line num="113" count="5" type="stmt"/>
        <line num="115" count="5" type="cond" truecount="1" falsecount="1"/>
        <line num="116" count="0" type="stmt"/>
        <line num="117" count="5" type="cond" truecount="1" falsecount="1"/>
        <line num="118" count="5" type="stmt"/>
        <line num="120" count="5" type="stmt"/>
        <line num="132" count="5" type="stmt"/>
        <line num="133" count="0" type="stmt"/>
        <line num="134" count="0" type="stmt"/>
        <line num="136" count="5" type="stmt"/>
        <line num="150" count="3" type="stmt"/>
        <line num="151" count="0" type="stmt"/>
        <line num="160" count="1" type="stmt"/>
        <line num="175" count="1" type="stmt"/>
        <line num="180" count="1" type="stmt"/>
        <line num="188" count="0" type="stmt"/>
        <line num="189" count="0" type="stmt"/>
        <line num="190" count="0" type="stmt"/>
        <line num="191" count="0" type="stmt"/>
        <line num="195" count="1" type="stmt"/>
        <line num="206" count="1" type="stmt"/>
      </file>
      <file name="reducer.js" path="/Users/niteshkumar/Desktop/Test/react-template/app/containers/ItuneContainer/reducer.js">
        <metrics statements="10" coveredstatements="9" conditionals="5" coveredconditionals="4" methods="2" coveredmethods="2"/>
        <line num="14" count="16" type="stmt"/>
        <line num="20" count="16" type="stmt"/>
        <line num="23" count="16" type="cond" truecount="1" falsecount="0"/>
        <line num="24" count="143" type="stmt"/>
        <line num="26" count="143" type="cond" truecount="3" falsecount="1"/>
        <line num="28" count="1" type="stmt"/>
        <line num="30" count="0" type="stmt"/>
        <line num="32" count="1" type="stmt"/>
        <line num="34" count="1" type="stmt"/>
        <line num="39" count="140" type="stmt"/>
      </file>
      <file name="saga.js" path="/Users/niteshkumar/Desktop/Test/react-template/app/containers/ItuneContainer/saga.js">
        <metrics statements="8" coveredstatements="8" conditionals="2" coveredconditionals="2" methods="2" coveredmethods="2"/>
        <line num="5" count="2" type="stmt"/>
        <line num="6" count="2" type="stmt"/>
        <line num="8" count="2" type="stmt"/>
        <line num="9" count="2" type="stmt"/>
        <line num="10" count="2" type="cond" truecount="2" falsecount="0"/>
        <line num="11" count="1" type="stmt"/>
        <line num="13" count="1" type="stmt"/>
        <line num="18" count="4" type="stmt"/>
      </file>
      <file name="selectors.js" path="/Users/niteshkumar/Desktop/Test/react-template/app/containers/ItuneContainer/selectors.js">
        <metrics statements="14" coveredstatements="14" conditionals="2" coveredconditionals="1" methods="9" coveredmethods="9"/>
        <line num="9" count="2" type="stmt"/>
        <line num="10" count="4" type="cond" truecount="1" falsecount="1"/>
        <line num="20" count="2" type="stmt"/>
        <line num="21" count="2" type="stmt"/>
        <line num="23" count="1" type="stmt"/>
        <line num="26" count="2" type="stmt"/>
        <line num="27" count="2" type="stmt"/>
        <line num="29" count="1" type="stmt"/>
        <line num="32" count="2" type="stmt"/>
        <line num="33" count="2" type="stmt"/>
        <line num="35" count="1" type="stmt"/>
        <line num="38" count="2" type="stmt"/>
        <line num="39" count="2" type="stmt"/>
        <line num="41" count="1" type="stmt"/>
      </file>
    </package>
    <package name="app.containers.LanguageProvider">
      <metrics statements="16" coveredstatements="16" conditionals="5" coveredconditionals="4" methods="8" coveredmethods="8"/>
      <file name="index.js" path="/Users/niteshkumar/Desktop/Test/react-template/app/containers/LanguageProvider/index.js">
        <metrics statements="5" coveredstatements="5" conditionals="0" coveredconditionals="0" methods="3" coveredmethods="3"/>
        <line num="18" count="8" type="stmt"/>
        <line num="31" count="10" type="stmt"/>
        <line num="37" count="10" type="stmt"/>
        <line num="39" count="3" type="stmt"/>
        <line num="45" count="7" type="stmt"/>
      </file>
      <file name="reducer.js" path="/Users/niteshkumar/Desktop/Test/react-template/app/containers/LanguageProvider/reducer.js">
        <metrics statements="7" coveredstatements="7" conditionals="3" coveredconditionals="3" methods="2" coveredmethods="2"/>
        <line num="14" count="15" type="stmt"/>
        <line num="18" count="15" type="stmt"/>
        <line num="23" count="15" type="cond" truecount="1" falsecount="0"/>
        <line num="24" count="141" type="stmt"/>
        <line num="25" count="141" type="cond" truecount="2" falsecount="0"/>
        <line num="27" count="1" type="stmt"/>
        <line num="29" count="140" type="stmt"/>
      </file>
      <file name="selectors.js" path="/Users/niteshkumar/Desktop/Test/react-template/app/containers/LanguageProvider/selectors.js">
        <metrics statements="4" coveredstatements="4" conditionals="2" coveredconditionals="1" methods="3" coveredmethods="3"/>
        <line num="7" count="14" type="cond" truecount="1" falsecount="1"/>
        <line num="13" count="11" type="stmt"/>
        <line num="14" count="10" type="stmt"/>
        <line num="16" count="13" type="stmt"/>
      </file>
    </package>
    <package name="app.containers.NotFoundPage">
      <metrics statements="2" coveredstatements="2" conditionals="0" coveredconditionals="0" methods="1" coveredmethods="1"/>
      <file name="index.js" path="/Users/niteshkumar/Desktop/Test/react-template/app/containers/NotFoundPage/index.js">
        <metrics statements="1" coveredstatements="1" conditionals="0" coveredconditionals="0" methods="1" coveredmethods="1"/>
        <line num="14" count="1" type="stmt"/>
      </file>
      <file name="messages.js" path="/Users/niteshkumar/Desktop/Test/react-template/app/containers/NotFoundPage/messages.js">
        <metrics statements="1" coveredstatements="1" conditionals="0" coveredconditionals="0" methods="0" coveredmethods="0"/>
        <line num="8" count="1" type="stmt"/>
      </file>
    </package>
    <package name="app.services">
      <metrics statements="6" coveredstatements="5" conditionals="0" coveredconditionals="0" methods="2" coveredmethods="1"/>
      <file name="ituneApi.js" path="/Users/niteshkumar/Desktop/Test/react-template/app/services/ituneApi.js">
        <metrics statements="3" coveredstatements="2" conditionals="0" coveredconditionals="0" methods="1" coveredmethods="0"/>
        <line num="2" count="2" type="stmt"/>
        <line num="4" count="2" type="stmt"/>
        <line num="5" count="0" type="stmt"/>
      </file>
      <file name="repoApi.js" path="/Users/niteshkumar/Desktop/Test/react-template/app/services/repoApi.js">
        <metrics statements="3" coveredstatements="3" conditionals="0" coveredconditionals="0" methods="1" coveredmethods="1"/>
        <line num="2" count="3" type="stmt"/>
        <line num="4" count="3" type="stmt"/>
        <line num="5" count="1" type="stmt"/>
      </file>
    </package>
    <package name="app.themes">
      <metrics statements="57" coveredstatements="46" conditionals="33" coveredconditionals="0" methods="37" coveredmethods="16"/>
      <file name="colors.js" path="/Users/niteshkumar/Desktop/Test/react-template/app/themes/colors.js">
        <metrics statements="7" coveredstatements="7" conditionals="0" coveredconditionals="0" methods="0" coveredmethods="0"/>
        <line num="8" count="7" type="stmt"/>
        <line num="9" count="7" type="stmt"/>
        <line num="10" count="7" type="stmt"/>
        <line num="11" count="7" type="stmt"/>
        <line num="12" count="7" type="stmt"/>
        <line num="14" count="7" type="stmt"/>
        <line num="33" count="7" type="stmt"/>
      </file>
      <file name="fonts.js" path="/Users/niteshkumar/Desktop/Test/react-template/app/themes/fonts.js">
        <metrics statements="14" coveredstatements="14" conditionals="2" coveredconditionals="0" methods="14" coveredmethods="14"/>
        <line num="5" count="7" type="cond" truecount="0" falsecount="2"/>
        <line num="27" count="23" type="stmt"/>
        <line num="31" count="7" type="stmt"/>
        <line num="34" count="7" type="stmt"/>
        <line num="37" count="7" type="stmt"/>
        <line num="40" count="7" type="stmt"/>
        <line num="43" count="7" type="stmt"/>
        <line num="48" count="7" type="stmt"/>
        <line num="51" count="7" type="stmt"/>
        <line num="55" count="25" type="stmt"/>
        <line num="60" count="7" type="stmt"/>
        <line num="65" count="7" type="stmt"/>
        <line num="70" count="22" type="stmt"/>
        <line num="75" count="7" type="stmt"/>
      </file>
      <file name="media.js" path="/Users/niteshkumar/Desktop/Test/react-template/app/themes/media.js">
        <metrics statements="6" coveredstatements="5" conditionals="0" coveredconditionals="0" methods="3" coveredmethods="2"/>
        <line num="2" count="7" type="stmt"/>
        <line num="7" count="7" type="stmt"/>
        <line num="14" count="21" type="stmt"/>
        <line num="16" count="4" type="stmt"/>
        <line num="24" count="0" type="stmt"/>
        <line num="32" count="21" type="stmt"/>
      </file>
      <file name="styles.js" path="/Users/niteshkumar/Desktop/Test/react-template/app/themes/styles.js">
        <metrics statements="30" coveredstatements="20" conditionals="31" coveredconditionals="0" methods="20" coveredmethods="0"/>
        <line num="4" count="6" type="stmt"/>
        <line num="12" count="0" type="stmt"/>
        <line num="23" count="6" type="stmt"/>
        <line num="28" count="6" type="stmt"/>
        <line num="34" count="6" type="stmt"/>
        <line num="38" count="6" type="stmt"/>
        <line num="42" count="6" type="cond" truecount="0" falsecount="1"/>
        <line num="46" count="6" type="cond" truecount="0" falsecount="1"/>
        <line num="47" count="0" type="stmt"/>
        <line num="51" count="6" type="cond" truecount="0" falsecount="1"/>
        <line num="52" count="0" type="stmt"/>
        <line num="56" count="6" type="cond" truecount="0" falsecount="1"/>
        <line num="57" count="0" type="stmt"/>
        <line num="61" count="6" type="cond" truecount="0" falsecount="1"/>
        <line num="62" count="0" type="stmt"/>
        <line num="66" count="6" type="cond" truecount="0" falsecount="1"/>
        <line num="71" count="6" type="cond" truecount="0" falsecount="1"/>
        <line num="76" count="6" type="cond" truecount="0" falsecount="1"/>
        <line num="81" count="6" type="cond" truecount="0" falsecount="1"/>
        <line num="86" count="6" type="stmt"/>
        <line num="87" count="0" type="stmt"/>
        <line num="91" count="6" type="stmt"/>
        <line num="97" count="0" type="stmt"/>
        <line num="102" count="6" type="stmt"/>
        <line num="109" count="0" type="stmt"/>
        <line num="113" count="6" type="stmt"/>
        <line num="114" count="0" type="stmt"/>
        <line num="118" count="6" type="cond" truecount="0" falsecount="1"/>
        <line num="119" count="0" type="stmt"/>
        <line num="123" count="6" type="cond" truecount="0" falsecount="1"/>
      </file>
    </package>
    <package name="app.utils">
      <metrics statements="62" coveredstatements="54" conditionals="40" coveredconditionals="34" methods="19" coveredmethods="17"/>
      <file name="checkStore.js" path="/Users/niteshkumar/Desktop/Test/react-template/app/utils/checkStore.js">
        <metrics statements="2" coveredstatements="2" conditionals="0" coveredconditionals="0" methods="1" coveredmethods="1"/>
        <line num="8" count="16" type="stmt"/>
        <line num="17" count="16" type="stmt"/>
      </file>
      <file name="constants.js" path="/Users/niteshkumar/Desktop/Test/react-template/app/utils/constants.js">
        <metrics statements="3" coveredstatements="3" conditionals="0" coveredconditionals="0" methods="0" coveredmethods="0"/>
        <line num="1" count="4" type="stmt"/>
        <line num="2" count="4" type="stmt"/>
        <line num="3" count="4" type="stmt"/>
      </file>
      <file name="history.js" path="/Users/niteshkumar/Desktop/Test/react-template/app/utils/history.js">
        <metrics statements="1" coveredstatements="1" conditionals="0" coveredconditionals="0" methods="0" coveredmethods="0"/>
        <line num="2" count="13" type="stmt"/>
      </file>
      <file name="index.js" path="/Users/niteshkumar/Desktop/Test/react-template/app/utils/index.js">
        <metrics statements="8" coveredstatements="0" conditionals="6" coveredconditionals="0" methods="2" coveredmethods="0"/>
        <line num="13" count="0" type="stmt"/>
        <line num="14" count="0" type="cond" truecount="0" falsecount="2"/>
        <line num="15" count="0" type="stmt"/>
        <line num="17" count="0" type="stmt"/>
        <line num="20" count="0" type="cond" truecount="0" falsecount="2"/>
        <line num="23" count="0" type="cond" truecount="0" falsecount="2"/>
        <line num="24" count="0" type="stmt"/>
        <line num="26" count="0" type="stmt"/>
      </file>
      <file name="injectSaga.js" path="/Users/niteshkumar/Desktop/Test/react-template/app/utils/injectSaga.js">
        <metrics statements="14" coveredstatements="14" conditionals="3" coveredconditionals="3" methods="8" coveredmethods="8"/>
        <line num="19" count="5" type="stmt"/>
        <line num="30" count="3" type="stmt"/>
        <line num="32" count="3" type="stmt"/>
        <line num="34" count="3" type="stmt"/>
        <line num="38" count="1" type="stmt"/>
        <line num="42" count="3" type="stmt"/>
        <line num="46" count="5" type="stmt"/>
        <line num="49" count="3" type="stmt"/>
        <line num="50" count="11" type="stmt"/>
        <line num="51" count="11" type="stmt"/>
        <line num="52" count="7" type="stmt"/>
        <line num="53" count="7" type="stmt"/>
        <line num="54" count="7" type="stmt"/>
        <line num="55" count="7" type="stmt"/>
      </file>
      <file name="sagaInjectors.js" path="/Users/niteshkumar/Desktop/Test/react-template/app/utils/sagaInjectors.js">
        <metrics statements="34" coveredstatements="34" conditionals="31" coveredconditionals="31" methods="8" coveredmethods="8"/>
        <line num="7" count="4" type="stmt"/>
        <line num="9" count="4" type="stmt"/>
        <line num="10" count="48" type="stmt"/>
        <line num="15" count="4" type="stmt"/>
        <line num="16" count="30" type="stmt"/>
        <line num="18" count="30" type="cond" truecount="2" falsecount="0"/>
        <line num="20" count="30" type="stmt"/>
        <line num="27" count="27" type="cond" truecount="1" falsecount="0"/>
        <line num="28" count="33" type="cond" truecount="2" falsecount="0"/>
        <line num="29" count="1" type="stmt"/>
        <line num="32" count="32" type="stmt"/>
        <line num="36" count="32" type="stmt"/>
        <line num="38" count="32" type="stmt"/>
        <line num="39" count="30" type="stmt"/>
        <line num="41" count="26" type="stmt"/>
        <line num="43" count="26" type="cond" truecount="2" falsecount="0"/>
        <line num="44" count="22" type="stmt"/>
        <line num="46" count="22" type="cond" truecount="4" falsecount="0"/>
        <line num="47" count="1" type="stmt"/>
        <line num="48" count="1" type="stmt"/>
        <line num="52" count="26" type="cond" truecount="2" falsecount="0"/>
        <line num="57" count="21" type="stmt"/>
        <line num="67" count="27" type="stmt"/>
        <line num="68" count="17" type="cond" truecount="2" falsecount="0"/>
        <line num="69" count="1" type="stmt"/>
        <line num="72" count="16" type="stmt"/>
        <line num="74" count="14" type="cond" truecount="2" falsecount="0"/>
        <line num="75" count="13" type="stmt"/>
        <line num="76" count="13" type="cond" truecount="4" falsecount="0"/>
        <line num="77" count="3" type="stmt"/>
        <line num="79" count="3" type="cond" truecount="2" falsecount="0"/>
        <line num="81" count="2" type="stmt"/>
        <line num="89" count="8" type="stmt"/>
        <line num="90" count="7" type="stmt"/>
      </file>
    </package>
  </project>
</coverage>
