{"/Users/niteshkumar/Desktop/Test/react-template/app/configureStore.js": {"path":"/Users/niteshkumar/Desktop/Test/react-template/app/configureStore.js","statementMap":{"0":{"start":{"line":14,"column":22},"end":{"line":19,"column":1}},"1":{"start":{"line":21,"column":25},"end":{"line":21,"column":71}},"2":{"start":{"line":24,"column":25},"end":{"line":24,"column":32}},"3":{"start":{"line":25,"column":34},"end":{"line":25,"column":36}},"4":{"start":{"line":44,"column":25},"end":{"line":44,"column":70}},"5":{"start":{"line":49,"column":22},"end":{"line":49,"column":65}},"6":{"start":{"line":51,"column":20},"end":{"line":51,"column":53}},"7":{"start":{"line":53,"column":16},"end":{"line":57,"column":3}},"8":{"start":{"line":59,"column":20},"end":{"line":59,"column":39}},"9":{"start":{"line":62,"column":2},"end":{"line":62,"column":37}},"10":{"start":{"line":63,"column":2},"end":{"line":63,"column":30}},"11":{"start":{"line":64,"column":2},"end":{"line":64,"column":27}},"12":{"start":{"line":74,"column":2},"end":{"line":74,"column":30}}},"fnMap":{"0":{"name":"configureStore","decl":{"start":{"line":23,"column":24},"end":{"line":23,"column":38}},"loc":{"start":{"line":23,"column":67},"end":{"line":75,"column":1}},"line":23}},"branchMap":{"0":{"loc":{"start":{"line":23,"column":39},"end":{"line":23,"column":56}},"type":"default-arg","locations":[{"start":{"line":23,"column":54},"end":{"line":23,"column":56}}],"line":23}},"s":{"0":13,"1":13,"2":35,"3":35,"4":35,"5":35,"6":35,"7":35,"8":35,"9":35,"10":35,"11":35,"12":35},"f":{"0":35},"b":{"0":[1]},"_coverageSchema":"43e27e138ebf9cfc5966b082cf9a028302ed4184","hash":"3360999f6dba7d7825651c1fa33b647c75fe8b97"}
,"/Users/niteshkumar/Desktop/Test/react-template/app/i18n.js": {"path":"/Users/niteshkumar/Desktop/Test/react-template/app/i18n.js","statementMap":{"0":{"start":{"line":14,"column":30},"end":{"line":14,"column":63}},"1":{"start":{"line":16,"column":30},"end":{"line":16,"column":34}},"2":{"start":{"line":19,"column":26},"end":{"line":21,"column":1}},"3":{"start":{"line":23,"column":41},"end":{"line":36,"column":1}},"4":{"start":{"line":25,"column":4},"end":{"line":27,"column":10}},"5":{"start":{"line":28,"column":35},"end":{"line":34,"column":3}},"6":{"start":{"line":30,"column":6},"end":{"line":32,"column":23}},"7":{"start":{"line":33,"column":4},"end":{"line":33,"column":73}},"8":{"start":{"line":35,"column":2},"end":{"line":35,"column":68}},"9":{"start":{"line":38,"column":35},"end":{"line":40,"column":1}}},"fnMap":{"0":{"name":"(anonymous_0)","decl":{"start":{"line":23,"column":41},"end":{"line":23,"column":42}},"loc":{"start":{"line":23,"column":63},"end":{"line":36,"column":1}},"line":23},"1":{"name":"(anonymous_1)","decl":{"start":{"line":28,"column":35},"end":{"line":28,"column":36}},"loc":{"start":{"line":28,"column":63},"end":{"line":34,"column":3}},"line":28}},"branchMap":{"0":{"loc":{"start":{"line":25,"column":4},"end":{"line":27,"column":10}},"type":"cond-expr","locations":[{"start":{"line":26,"column":8},"end":{"line":26,"column":72}},{"start":{"line":27,"column":8},"end":{"line":27,"column":10}}],"line":25},"1":{"loc":{"start":{"line":30,"column":6},"end":{"line":32,"column":23}},"type":"cond-expr","locations":[{"start":{"line":31,"column":10},"end":{"line":31,"column":39}},{"start":{"line":32,"column":10},"end":{"line":32,"column":23}}],"line":30},"2":{"loc":{"start":{"line":30,"column":6},"end":{"line":30,"column":49}},"type":"binary-expr","locations":[{"start":{"line":30,"column":6},"end":{"line":30,"column":20}},{"start":{"line":30,"column":24},"end":{"line":30,"column":49}}],"line":30}},"s":{"0":16,"1":16,"2":16,"3":16,"4":19,"5":19,"6":217,"7":217,"8":19,"9":16},"f":{"0":19,"1":217},"b":{"0":[1,18],"1":[1,216],"2":[217,1]},"_coverageSchema":"43e27e138ebf9cfc5966b082cf9a028302ed4184","hash":"76a5f5525533a0b36b1ac76b5dc2b5b48cb5ee83"}
,"/Users/niteshkumar/Desktop/Test/react-template/app/reducers.js": {"path":"/Users/niteshkumar/Desktop/Test/react-template/app/reducers.js","statementMap":{"0":{"start":{"line":17,"column":22},"end":{"line":22,"column":4}},"1":{"start":{"line":24,"column":2},"end":{"line":24,"column":21}}},"fnMap":{"0":{"name":"createReducer","decl":{"start":{"line":16,"column":24},"end":{"line":16,"column":37}},"loc":{"start":{"line":16,"column":40},"end":{"line":25,"column":1}},"line":16}},"branchMap":{},"s":{"0":13,"1":13},"f":{"0":13},"b":{},"_coverageSchema":"43e27e138ebf9cfc5966b082cf9a028302ed4184","hash":"4031e6ee37520d8e023357b490b8bc36409b3873"}
,"/Users/niteshkumar/Desktop/Test/react-template/app/routeConfig.js": {"path":"/Users/niteshkumar/Desktop/Test/react-template/app/routeConfig.js","statementMap":{"0":{"start":{"line":5,"column":27},"end":{"line":30,"column":1}}},"fnMap":{},"branchMap":{},"s":{"0":1},"f":{},"b":{},"_coverageSchema":"43e27e138ebf9cfc5966b082cf9a028302ed4184","hash":"49face91803b9d473040640fc6cf6667af6d9293"}
,"/Users/niteshkumar/Desktop/Test/react-template/app/components/Clickable/index.js": {"path":"/Users/niteshkumar/Desktop/Test/react-template/app/components/Clickable/index.js","statementMap":{"0":{"start":{"line":12,"column":24},"end":{"line":17,"column":1}},"1":{"start":{"line":19,"column":2},"end":{"line":23,"column":4}},"2":{"start":{"line":26,"column":0},"end":{"line":29,"column":2}}},"fnMap":{"0":{"name":"Clickable","decl":{"start":{"line":18,"column":9},"end":{"line":18,"column":18}},"loc":{"start":{"line":18,"column":40},"end":{"line":24,"column":1}},"line":18}},"branchMap":{"0":{"loc":{"start":{"line":21,"column":7},"end":{"line":21,"column":34}},"type":"binary-expr","locations":[{"start":{"line":21,"column":7},"end":{"line":21,"column":13}},{"start":{"line":21,"column":17},"end":{"line":21,"column":34}}],"line":21}},"s":{"0":3,"1":9,"2":3},"f":{"0":9},"b":{"0":[9,7]},"_coverageSchema":"43e27e138ebf9cfc5966b082cf9a028302ed4184","hash":"b4bdd8e97015f4ded1e7347c550ecc06e0e67c8c"}
,"/Users/niteshkumar/Desktop/Test/react-template/app/components/For/index.js": {"path":"/Users/niteshkumar/Desktop/Test/react-template/app/components/For/index.js","statementMap":{"0":{"start":{"line":11,"column":22},"end":{"line":14,"column":1}},"1":{"start":{"line":13,"column":30},"end":{"line":13,"column":62}},"2":{"start":{"line":18,"column":29},"end":{"line":18,"column":57}},"3":{"start":{"line":23,"column":15},"end":{"line":24,"column":73}},"4":{"start":{"line":24,"column":4},"end":{"line":24,"column":73}},"5":{"start":{"line":24,"column":29},"end":{"line":24,"column":71}},"6":{"start":{"line":25,"column":19},"end":{"line":29,"column":3}},"7":{"start":{"line":26,"column":4},"end":{"line":28,"column":22}},"8":{"start":{"line":30,"column":2},"end":{"line":32,"column":3}},"9":{"start":{"line":31,"column":4},"end":{"line":31,"column":45}},"10":{"start":{"line":33,"column":2},"end":{"line":33,"column":47}},"11":{"start":{"line":36,"column":0},"end":{"line":43,"column":2}},"12":{"start":{"line":44,"column":0},"end":{"line":46,"column":2}}},"fnMap":{"0":{"name":"(anonymous_0)","decl":{"start":{"line":13,"column":20},"end":{"line":13,"column":21}},"loc":{"start":{"line":13,"column":30},"end":{"line":13,"column":62}},"line":13},"1":{"name":"For","decl":{"start":{"line":16,"column":16},"end":{"line":16,"column":19}},"loc":{"start":{"line":22,"column":3},"end":{"line":34,"column":1}},"line":22},"2":{"name":"(anonymous_2)","decl":{"start":{"line":18,"column":20},"end":{"line":18,"column":21}},"loc":{"start":{"line":18,"column":29},"end":{"line":18,"column":57}},"line":18},"3":{"name":"(anonymous_3)","decl":{"start":{"line":23,"column":15},"end":{"line":23,"column":16}},"loc":{"start":{"line":24,"column":4},"end":{"line":24,"column":73}},"line":24},"4":{"name":"(anonymous_4)","decl":{"start":{"line":24,"column":11},"end":{"line":24,"column":12}},"loc":{"start":{"line":24,"column":29},"end":{"line":24,"column":71}},"line":24},"5":{"name":"(anonymous_5)","decl":{"start":{"line":25,"column":19},"end":{"line":25,"column":20}},"loc":{"start":{"line":26,"column":4},"end":{"line":28,"column":22}},"line":26}},"branchMap":{"0":{"loc":{"start":{"line":13,"column":30},"end":{"line":13,"column":62}},"type":"cond-expr","locations":[{"start":{"line":13,"column":44},"end":{"line":13,"column":50}},{"start":{"line":13,"column":53},"end":{"line":13,"column":62}}],"line":13},"1":{"loc":{"start":{"line":18,"column":2},"end":{"line":18,"column":57}},"type":"default-arg","locations":[{"start":{"line":18,"column":20},"end":{"line":18,"column":57}}],"line":18},"2":{"loc":{"start":{"line":30,"column":2},"end":{"line":32,"column":3}},"type":"if","locations":[{"start":{"line":30,"column":2},"end":{"line":32,"column":3}},{"start":{"line":30,"column":2},"end":{"line":32,"column":3}}],"line":30},"3":{"loc":{"start":{"line":31,"column":11},"end":{"line":31,"column":44}},"type":"cond-expr","locations":[{"start":{"line":31,"column":31},"end":{"line":31,"column":37}},{"start":{"line":31,"column":40},"end":{"line":31,"column":44}}],"line":31},"4":{"loc":{"start":{"line":31,"column":12},"end":{"line":31,"column":20}},"type":"binary-expr","locations":[{"start":{"line":31,"column":12},"end":{"line":31,"column":14}},{"start":{"line":31,"column":18},"end":{"line":31,"column":20}}],"line":31},"5":{"loc":{"start":{"line":33,"column":9},"end":{"line":33,"column":46}},"type":"cond-expr","locations":[{"start":{"line":33,"column":29},"end":{"line":33,"column":39}},{"start":{"line":33,"column":42},"end":{"line":33,"column":46}}],"line":33},"6":{"loc":{"start":{"line":33,"column":10},"end":{"line":33,"column":18}},"type":"binary-expr","locations":[{"start":{"line":33,"column":10},"end":{"line":33,"column":12}},{"start":{"line":33,"column":16},"end":{"line":33,"column":18}}],"line":33}},"s":{"0":2,"1":1,"2":1,"3":5,"4":3,"5":6,"6":5,"7":2,"8":5,"9":2,"10":3,"11":2,"12":2},"f":{"0":1,"1":5,"2":1,"3":3,"4":6,"5":2},"b":{"0":[1,0],"1":[1],"2":[2,3],"3":[1,1],"4":[2,1],"5":[2,1],"6":[3,1]},"_coverageSchema":"43e27e138ebf9cfc5966b082cf9a028302ed4184","hash":"05e7a6b34f13d753d0d7c42f0f8710c606b94b0e"}
,"/Users/niteshkumar/Desktop/Test/react-template/app/components/Header/index.js": {"path":"/Users/niteshkumar/Desktop/Test/react-template/app/components/Header/index.js","statementMap":{"0":{"start":{"line":14,"column":21},"end":{"line":24,"column":1}},"1":{"start":{"line":25,"column":13},"end":{"line":29,"column":1}},"2":{"start":{"line":30,"column":14},"end":{"line":37,"column":1}},"3":{"start":{"line":39,"column":2},"end":{"line":44,"column":4}}},"fnMap":{"0":{"name":"Header","decl":{"start":{"line":38,"column":9},"end":{"line":38,"column":15}},"loc":{"start":{"line":38,"column":23},"end":{"line":45,"column":1}},"line":38}},"branchMap":{},"s":{"0":2,"1":2,"2":2,"3":2},"f":{"0":2},"b":{},"_coverageSchema":"43e27e138ebf9cfc5966b082cf9a028302ed4184","hash":"f0c64a85df4b68c411bdec92803322349e7e216e"}
,"/Users/niteshkumar/Desktop/Test/react-template/app/components/If/index.js": {"path":"/Users/niteshkumar/Desktop/Test/react-template/app/components/If/index.js","statementMap":{"0":{"start":{"line":4,"column":11},"end":{"line":4,"column":72}},"1":{"start":{"line":4,"column":21},"end":{"line":4,"column":71}},"2":{"start":{"line":5,"column":0},"end":{"line":15,"column":2}},"3":{"start":{"line":16,"column":0},"end":{"line":18,"column":2}}},"fnMap":{"0":{"name":"(anonymous_0)","decl":{"start":{"line":4,"column":11},"end":{"line":4,"column":12}},"loc":{"start":{"line":4,"column":21},"end":{"line":4,"column":71}},"line":4}},"branchMap":{"0":{"loc":{"start":{"line":4,"column":21},"end":{"line":4,"column":71}},"type":"cond-expr","locations":[{"start":{"line":4,"column":39},"end":{"line":4,"column":53}},{"start":{"line":4,"column":56},"end":{"line":4,"column":71}}],"line":4}},"s":{"0":6,"1":23,"2":6,"3":6},"f":{"0":23},"b":{"0":[21,2]},"_coverageSchema":"43e27e138ebf9cfc5966b082cf9a028302ed4184","hash":"4113992ae164a0517e8c0d0eaee6ec4a1acac6d2"}
,"/Users/niteshkumar/Desktop/Test/react-template/app/components/IntlGlobalProvider/index.js": {"path":"/Users/niteshkumar/Desktop/Test/react-template/app/components/IntlGlobalProvider/index.js","statementMap":{"0":{"start":{"line":9,"column":2},"end":{"line":9,"column":19}},"1":{"start":{"line":10,"column":2},"end":{"line":10,"column":18}},"2":{"start":{"line":15,"column":2},"end":{"line":15,"column":14}},"3":{"start":{"line":18,"column":25},"end":{"line":19,"column":36}},"4":{"start":{"line":19,"column":2},"end":{"line":19,"column":36}}},"fnMap":{"0":{"name":"IntlGlobalProvider","decl":{"start":{"line":8,"column":16},"end":{"line":8,"column":34}},"loc":{"start":{"line":8,"column":49},"end":{"line":11,"column":1}},"line":8},"1":{"name":"appIntl","decl":{"start":{"line":14,"column":16},"end":{"line":14,"column":23}},"loc":{"start":{"line":14,"column":26},"end":{"line":16,"column":1}},"line":14},"2":{"name":"(anonymous_2)","decl":{"start":{"line":18,"column":25},"end":{"line":18,"column":26}},"loc":{"start":{"line":19,"column":2},"end":{"line":19,"column":36}},"line":19}},"branchMap":{"0":{"loc":{"start":{"line":18,"column":30},"end":{"line":18,"column":41}},"type":"default-arg","locations":[{"start":{"line":18,"column":39},"end":{"line":18,"column":41}}],"line":18}},"s":{"0":8,"1":8,"2":0,"3":10,"4":0},"f":{"0":8,"1":0,"2":0},"b":{"0":[0]},"_coverageSchema":"43e27e138ebf9cfc5966b082cf9a028302ed4184","hash":"d22cf2d7b2253085b94cef2773d02967c57387c4"}
,"/Users/niteshkumar/Desktop/Test/react-template/app/components/T/index.js": {"path":"/Users/niteshkumar/Desktop/Test/react-template/app/components/T/index.js","statementMap":{"0":{"start":{"line":14,"column":19},"end":{"line":19,"column":1}},"1":{"start":{"line":16,"column":15},"end":{"line":16,"column":78}},"2":{"start":{"line":17,"column":15},"end":{"line":17,"column":27}},"3":{"start":{"line":20,"column":21},"end":{"line":20,"column":79}},"4":{"start":{"line":20,"column":30},"end":{"line":20,"column":78}},"5":{"start":{"line":21,"column":17},"end":{"line":32,"column":1}},"6":{"start":{"line":22,"column":2},"end":{"line":31,"column":15}},"7":{"start":{"line":34,"column":0},"end":{"line":40,"column":2}},"8":{"start":{"line":42,"column":0},"end":{"line":45,"column":2}},"9":{"start":{"line":47,"column":22},"end":{"line":47,"column":29}}},"fnMap":{"0":{"name":"(anonymous_0)","decl":{"start":{"line":16,"column":6},"end":{"line":16,"column":7}},"loc":{"start":{"line":16,"column":15},"end":{"line":16,"column":78}},"line":16},"1":{"name":"(anonymous_1)","decl":{"start":{"line":17,"column":6},"end":{"line":17,"column":7}},"loc":{"start":{"line":17,"column":15},"end":{"line":17,"column":27}},"line":17},"2":{"name":"(anonymous_2)","decl":{"start":{"line":20,"column":21},"end":{"line":20,"column":22}},"loc":{"start":{"line":20,"column":30},"end":{"line":20,"column":78}},"line":20},"3":{"name":"(anonymous_3)","decl":{"start":{"line":20,"column":70},"end":{"line":20,"column":71}},"loc":{"start":{"line":20,"column":76},"end":{"line":20,"column":78}},"line":20},"4":{"name":"(anonymous_4)","decl":{"start":{"line":21,"column":17},"end":{"line":21,"column":18}},"loc":{"start":{"line":22,"column":2},"end":{"line":31,"column":15}},"line":22}},"branchMap":{"0":{"loc":{"start":{"line":16,"column":15},"end":{"line":16,"column":78}},"type":"binary-expr","locations":[{"start":{"line":16,"column":15},"end":{"line":16,"column":33}},{"start":{"line":16,"column":37},"end":{"line":16,"column":78}}],"line":16},"1":{"loc":{"start":{"line":20,"column":30},"end":{"line":20,"column":78}},"type":"cond-expr","locations":[{"start":{"line":20,"column":50},"end":{"line":20,"column":67}},{"start":{"line":20,"column":70},"end":{"line":20,"column":78}}],"line":20}},"s":{"0":6,"1":23,"2":23,"3":6,"4":24,"5":6,"6":24,"7":6,"8":6,"9":6},"f":{"0":23,"1":23,"2":24,"3":1,"4":24},"b":{"0":[23,7],"1":[22,2]},"_coverageSchema":"43e27e138ebf9cfc5966b082cf9a028302ed4184","hash":"5aa2a13f6d095141390ea835030f44bfc50c246b"}
,"/Users/niteshkumar/Desktop/Test/react-template/app/containers/App/index.js": {"path":"/Users/niteshkumar/Desktop/Test/react-template/app/containers/App/index.js","statementMap":{"0":{"start":{"line":24,"column":14},"end":{"line":27,"column":1}},"1":{"start":{"line":30,"column":2},"end":{"line":59,"column":4}},"2":{"start":{"line":35,"column":36},"end":{"line":35,"column":57}},"3":{"start":{"line":38,"column":30},"end":{"line":38,"column":61}},"4":{"start":{"line":39,"column":12},"end":{"line":39,"column":55}},"5":{"start":{"line":40,"column":12},"end":{"line":53,"column":14}},"6":{"start":{"line":46,"column":39},"end":{"line":49,"column":19}},"7":{"start":{"line":50,"column":18},"end":{"line":50,"column":57}},"8":{"start":{"line":61,"column":0},"end":{"line":63,"column":2}}},"fnMap":{"0":{"name":"App","decl":{"start":{"line":29,"column":16},"end":{"line":29,"column":19}},"loc":{"start":{"line":29,"column":34},"end":{"line":60,"column":1}},"line":29},"1":{"name":"(anonymous_1)","decl":{"start":{"line":35,"column":27},"end":{"line":35,"column":28}},"loc":{"start":{"line":35,"column":36},"end":{"line":35,"column":57}},"line":35},"2":{"name":"(anonymous_2)","decl":{"start":{"line":37,"column":22},"end":{"line":37,"column":23}},"loc":{"start":{"line":37,"column":43},"end":{"line":54,"column":11}},"line":37},"3":{"name":"(anonymous_3)","decl":{"start":{"line":45,"column":24},"end":{"line":45,"column":25}},"loc":{"start":{"line":45,"column":33},"end":{"line":51,"column":17}},"line":45}},"branchMap":{},"s":{"0":1,"1":0,"2":0,"3":0,"4":0,"5":0,"6":0,"7":0,"8":1},"f":{"0":0,"1":0,"2":0,"3":0},"b":{},"_coverageSchema":"43e27e138ebf9cfc5966b082cf9a028302ed4184","hash":"72372038b7714537ec5a7743baf09290dbe446bf"}
,"/Users/niteshkumar/Desktop/Test/react-template/app/containers/App/selectors.js": {"path":"/Users/niteshkumar/Desktop/Test/react-template/app/containers/App/selectors.js","statementMap":{"0":{"start":{"line":3,"column":21},"end":{"line":3,"column":42}},"1":{"start":{"line":3,"column":30},"end":{"line":3,"column":42}},"2":{"start":{"line":5,"column":27},"end":{"line":9,"column":3}},"3":{"start":{"line":6,"column":2},"end":{"line":9,"column":3}},"4":{"start":{"line":8,"column":19},"end":{"line":8,"column":39}}},"fnMap":{"0":{"name":"(anonymous_0)","decl":{"start":{"line":3,"column":21},"end":{"line":3,"column":22}},"loc":{"start":{"line":3,"column":30},"end":{"line":3,"column":42}},"line":3},"1":{"name":"(anonymous_1)","decl":{"start":{"line":5,"column":27},"end":{"line":5,"column":28}},"loc":{"start":{"line":6,"column":2},"end":{"line":9,"column":3}},"line":6},"2":{"name":"(anonymous_2)","decl":{"start":{"line":8,"column":4},"end":{"line":8,"column":5}},"loc":{"start":{"line":8,"column":19},"end":{"line":8,"column":39}},"line":8}},"branchMap":{},"s":{"0":1,"1":1,"2":1,"3":1,"4":1},"f":{"0":1,"1":1,"2":1},"b":{},"_coverageSchema":"43e27e138ebf9cfc5966b082cf9a028302ed4184","hash":"ac096b4bb2c306e53bc9932d692516d9476f0206"}
,"/Users/niteshkumar/Desktop/Test/react-template/app/containers/HomeContainer/index.js": {"path":"/Users/niteshkumar/Desktop/Test/react-template/app/containers/HomeContainer/index.js","statementMap":{"0":{"start":{"line":25,"column":19},"end":{"line":25,"column":24}},"1":{"start":{"line":27,"column":19},"end":{"line":34,"column":1}},"2":{"start":{"line":30,"column":26},"end":{"line":30,"column":40}},"3":{"start":{"line":31,"column":22},"end":{"line":31,"column":33}},"4":{"start":{"line":32,"column":15},"end":{"line":32,"column":53}},"5":{"start":{"line":35,"column":18},"end":{"line":44,"column":1}},"6":{"start":{"line":39,"column":26},"end":{"line":39,"column":40}},"7":{"start":{"line":42,"column":24},"end":{"line":42,"column":37}},"8":{"start":{"line":45,"column":21},"end":{"line":48,"column":1}},"9":{"start":{"line":59,"column":2},"end":{"line":59,"column":48}},"10":{"start":{"line":60,"column":32},"end":{"line":60,"column":47}},"11":{"start":{"line":62,"column":2},"end":{"line":69,"column":18}},"12":{"start":{"line":65,"column":19},"end":{"line":65,"column":62}},"13":{"start":{"line":66,"column":4},"end":{"line":68,"column":5}},"14":{"start":{"line":67,"column":6},"end":{"line":67,"column":24}},"15":{"start":{"line":71,"column":18},"end":{"line":71,"column":30}},"16":{"start":{"line":73,"column":25},"end":{"line":80,"column":3}},"17":{"start":{"line":74,"column":4},"end":{"line":79,"column":5}},"18":{"start":{"line":75,"column":6},"end":{"line":75,"column":33}},"19":{"start":{"line":76,"column":6},"end":{"line":76,"column":23}},"20":{"start":{"line":78,"column":6},"end":{"line":78,"column":33}},"21":{"start":{"line":81,"column":34},"end":{"line":81,"column":63}},"22":{"start":{"line":83,"column":25},"end":{"line":111,"column":3}},"23":{"start":{"line":84,"column":18},"end":{"line":84,"column":45}},"24":{"start":{"line":85,"column":23},"end":{"line":85,"column":54}},"25":{"start":{"line":86,"column":4},"end":{"line":110,"column":6}},"26":{"start":{"line":101,"column":14},"end":{"line":105,"column":27}},"27":{"start":{"line":112,"column":27},"end":{"line":130,"column":3}},"28":{"start":{"line":114,"column":4},"end":{"line":118,"column":5}},"29":{"start":{"line":115,"column":6},"end":{"line":115,"column":29}},"30":{"start":{"line":116,"column":11},"end":{"line":118,"column":5}},"31":{"start":{"line":117,"column":6},"end":{"line":117,"column":41}},"32":{"start":{"line":119,"column":4},"end":{"line":129,"column":6}},"33":{"start":{"line":131,"column":22},"end":{"line":134,"column":3}},"34":{"start":{"line":132,"column":4},"end":{"line":132,"column":28}},"35":{"start":{"line":133,"column":4},"end":{"line":133,"column":29}},"36":{"start":{"line":135,"column":2},"end":{"line":156,"column":4}},"37":{"start":{"line":149,"column":27},"end":{"line":149,"column":68}},"38":{"start":{"line":150,"column":34},"end":{"line":150,"column":69}},"39":{"start":{"line":159,"column":0},"end":{"line":173,"column":2}},"40":{"start":{"line":175,"column":0},"end":{"line":178,"column":2}},"41":{"start":{"line":180,"column":24},"end":{"line":185,"column":2}},"42":{"start":{"line":188,"column":54},"end":{"line":188,"column":75}},"43":{"start":{"line":189,"column":2},"end":{"line":192,"column":4}},"44":{"start":{"line":190,"column":37},"end":{"line":190,"column":78}},"45":{"start":{"line":191,"column":36},"end":{"line":191,"column":64}},"46":{"start":{"line":195,"column":20},"end":{"line":198,"column":1}},"47":{"start":{"line":206,"column":33},"end":{"line":206,"column":67}}},"fnMap":{"0":{"name":"(anonymous_0)","decl":{"start":{"line":30,"column":17},"end":{"line":30,"column":18}},"loc":{"start":{"line":30,"column":26},"end":{"line":30,"column":40}},"line":30},"1":{"name":"(anonymous_1)","decl":{"start":{"line":31,"column":13},"end":{"line":31,"column":14}},"loc":{"start":{"line":31,"column":22},"end":{"line":31,"column":33}},"line":31},"2":{"name":"(anonymous_2)","decl":{"start":{"line":32,"column":6},"end":{"line":32,"column":7}},"loc":{"start":{"line":32,"column":15},"end":{"line":32,"column":53}},"line":32},"3":{"name":"(anonymous_3)","decl":{"start":{"line":39,"column":17},"end":{"line":39,"column":18}},"loc":{"start":{"line":39,"column":26},"end":{"line":39,"column":40}},"line":39},"4":{"name":"(anonymous_4)","decl":{"start":{"line":42,"column":15},"end":{"line":42,"column":16}},"loc":{"start":{"line":42,"column":24},"end":{"line":42,"column":37}},"line":42},"5":{"name":"HomeContainer","decl":{"start":{"line":49,"column":16},"end":{"line":49,"column":29}},"loc":{"start":{"line":58,"column":3},"end":{"line":157,"column":1}},"line":58},"6":{"name":"(anonymous_6)","decl":{"start":{"line":62,"column":12},"end":{"line":62,"column":13}},"loc":{"start":{"line":62,"column":18},"end":{"line":69,"column":3}},"line":62},"7":{"name":"(anonymous_7)","decl":{"start":{"line":73,"column":25},"end":{"line":73,"column":26}},"loc":{"start":{"line":73,"column":34},"end":{"line":80,"column":3}},"line":73},"8":{"name":"(anonymous_8)","decl":{"start":{"line":83,"column":25},"end":{"line":83,"column":26}},"loc":{"start":{"line":83,"column":31},"end":{"line":111,"column":3}},"line":83},"9":{"name":"(anonymous_9)","decl":{"start":{"line":100,"column":23},"end":{"line":100,"column":24}},"loc":{"start":{"line":101,"column":14},"end":{"line":105,"column":27}},"line":101},"10":{"name":"(anonymous_10)","decl":{"start":{"line":112,"column":27},"end":{"line":112,"column":28}},"loc":{"start":{"line":112,"column":33},"end":{"line":130,"column":3}},"line":112},"11":{"name":"(anonymous_11)","decl":{"start":{"line":131,"column":22},"end":{"line":131,"column":23}},"loc":{"start":{"line":131,"column":28},"end":{"line":134,"column":3}},"line":131},"12":{"name":"(anonymous_12)","decl":{"start":{"line":149,"column":20},"end":{"line":149,"column":21}},"loc":{"start":{"line":149,"column":27},"end":{"line":149,"column":68}},"line":149},"13":{"name":"(anonymous_13)","decl":{"start":{"line":150,"column":20},"end":{"line":150,"column":21}},"loc":{"start":{"line":150,"column":34},"end":{"line":150,"column":69}},"line":150},"14":{"name":"mapDispatchToProps","decl":{"start":{"line":187,"column":9},"end":{"line":187,"column":27}},"loc":{"start":{"line":187,"column":38},"end":{"line":193,"column":1}},"line":187},"15":{"name":"(anonymous_15)","decl":{"start":{"line":190,"column":25},"end":{"line":190,"column":26}},"loc":{"start":{"line":190,"column":37},"end":{"line":190,"column":78}},"line":190},"16":{"name":"(anonymous_16)","decl":{"start":{"line":191,"column":30},"end":{"line":191,"column":31}},"loc":{"start":{"line":191,"column":36},"end":{"line":191,"column":64}},"line":191}},"branchMap":{"0":{"loc":{"start":{"line":32,"column":15},"end":{"line":32,"column":53}},"type":"binary-expr","locations":[{"start":{"line":32,"column":15},"end":{"line":32,"column":26}},{"start":{"line":32,"column":30},"end":{"line":32,"column":53}}],"line":32},"1":{"loc":{"start":{"line":53,"column":2},"end":{"line":53,"column":16}},"type":"default-arg","locations":[{"start":{"line":53,"column":14},"end":{"line":53,"column":16}}],"line":53},"2":{"loc":{"start":{"line":54,"column":2},"end":{"line":54,"column":19}},"type":"default-arg","locations":[{"start":{"line":54,"column":15},"end":{"line":54,"column":19}}],"line":54},"3":{"loc":{"start":{"line":65,"column":19},"end":{"line":65,"column":62}},"type":"binary-expr","locations":[{"start":{"line":65,"column":19},"end":{"line":65,"column":48}},{"start":{"line":65,"column":52},"end":{"line":65,"column":62}}],"line":65},"4":{"loc":{"start":{"line":66,"column":4},"end":{"line":68,"column":5}},"type":"if","locations":[{"start":{"line":66,"column":4},"end":{"line":68,"column":5}},{"start":{"line":66,"column":4},"end":{"line":68,"column":5}}],"line":66},"5":{"loc":{"start":{"line":66,"column":8},"end":{"line":66,"column":25}},"type":"binary-expr","locations":[{"start":{"line":66,"column":8},"end":{"line":66,"column":15}},{"start":{"line":66,"column":19},"end":{"line":66,"column":25}}],"line":66},"6":{"loc":{"start":{"line":74,"column":4},"end":{"line":79,"column":5}},"type":"if","locations":[{"start":{"line":74,"column":4},"end":{"line":79,"column":5}},{"start":{"line":74,"column":4},"end":{"line":79,"column":5}}],"line":74},"7":{"loc":{"start":{"line":87,"column":6},"end":{"line":109,"column":7}},"type":"binary-expr","locations":[{"start":{"line":87,"column":7},"end":{"line":87,"column":25}},{"start":{"line":87,"column":29},"end":{"line":87,"column":36}},{"start":{"line":88,"column":8},"end":{"line":108,"column":21}}],"line":87},"8":{"loc":{"start":{"line":90,"column":13},"end":{"line":94,"column":13}},"type":"binary-expr","locations":[{"start":{"line":90,"column":13},"end":{"line":90,"column":21}},{"start":{"line":91,"column":14},"end":{"line":93,"column":20}}],"line":90},"9":{"loc":{"start":{"line":95,"column":13},"end":{"line":99,"column":13}},"type":"binary-expr","locations":[{"start":{"line":95,"column":13},"end":{"line":95,"column":29}},{"start":{"line":96,"column":14},"end":{"line":98,"column":20}}],"line":95},"10":{"loc":{"start":{"line":114,"column":4},"end":{"line":118,"column":5}},"type":"if","locations":[{"start":{"line":114,"column":4},"end":{"line":118,"column":5}},{"start":{"line":114,"column":4},"end":{"line":118,"column":5}}],"line":114},"11":{"loc":{"start":{"line":116,"column":11},"end":{"line":118,"column":5}},"type":"if","locations":[{"start":{"line":116,"column":11},"end":{"line":118,"column":5}},{"start":{"line":116,"column":11},"end":{"line":118,"column":5}}],"line":116},"12":{"loc":{"start":{"line":120,"column":6},"end":{"line":128,"column":7}},"type":"binary-expr","locations":[{"start":{"line":120,"column":6},"end":{"line":120,"column":14}},{"start":{"line":121,"column":6},"end":{"line":121,"column":15}},{"start":{"line":122,"column":8},"end":{"line":127,"column":21}}],"line":120},"13":{"loc":{"start":{"line":123,"column":17},"end":{"line":123,"column":44}},"type":"cond-expr","locations":[{"start":{"line":123,"column":30},"end":{"line":123,"column":35}},{"start":{"line":123,"column":38},"end":{"line":123,"column":44}}],"line":123}},"s":{"0":1,"1":1,"2":10,"3":10,"4":10,"5":1,"6":5,"7":5,"8":1,"9":5,"10":5,"11":5,"12":5,"13":5,"14":0,"15":5,"16":5,"17":3,"18":2,"19":2,"20":1,"21":5,"22":5,"23":5,"24":5,"25":5,"26":0,"27":5,"28":5,"29":0,"30":5,"31":5,"32":5,"33":5,"34":0,"35":0,"36":5,"37":3,"38":0,"39":1,"40":1,"41":1,"42":0,"43":0,"44":0,"45":0,"46":1,"47":1},"f":{"0":10,"1":10,"2":10,"3":5,"4":5,"5":5,"6":5,"7":3,"8":5,"9":0,"10":5,"11":0,"12":3,"13":0,"14":0,"15":0,"16":0},"b":{"0":[10,3],"1":[5],"2":[5],"3":[5,5],"4":[0,5],"5":[5,2],"6":[2,1],"7":[5,5,2],"8":[2,0],"9":[2,0],"10":[0,5],"11":[5,0],"12":[5,3,3],"13":[0,3]},"_coverageSchema":"43e27e138ebf9cfc5966b082cf9a028302ed4184","hash":"ff0c584da1ab4a86a95e6d0ed467df11a7cc399d"}
,"/Users/niteshkumar/Desktop/Test/react-template/app/containers/HomeContainer/reducer.js": {"path":"/Users/niteshkumar/Desktop/Test/react-template/app/containers/HomeContainer/reducer.js","statementMap":{"0":{"start":{"line":14,"column":4},"end":{"line":19,"column":2}},"1":{"start":{"line":20,"column":28},"end":{"line":20,"column":38}},"2":{"start":{"line":23,"column":36},"end":{"line":39,"column":4}},"3":{"start":{"line":24,"column":2},"end":{"line":39,"column":4}},"4":{"start":{"line":25,"column":4},"end":{"line":37,"column":5}},"5":{"start":{"line":27,"column":8},"end":{"line":27,"column":61}},"6":{"start":{"line":29,"column":8},"end":{"line":29,"column":73}},"7":{"start":{"line":31,"column":8},"end":{"line":31,"column":51}},"8":{"start":{"line":33,"column":8},"end":{"line":36,"column":10}},"9":{"start":{"line":38,"column":4},"end":{"line":38,"column":17}}},"fnMap":{"0":{"name":"(anonymous_0)","decl":{"start":{"line":23,"column":36},"end":{"line":23,"column":37}},"loc":{"start":{"line":24,"column":2},"end":{"line":39,"column":4}},"line":24},"1":{"name":"(anonymous_1)","decl":{"start":{"line":24,"column":17},"end":{"line":24,"column":18}},"loc":{"start":{"line":24,"column":34},"end":{"line":39,"column":3}},"line":24}},"branchMap":{"0":{"loc":{"start":{"line":23,"column":37},"end":{"line":23,"column":57}},"type":"default-arg","locations":[{"start":{"line":23,"column":45},"end":{"line":23,"column":57}}],"line":23},"1":{"loc":{"start":{"line":25,"column":4},"end":{"line":37,"column":5}},"type":"switch","locations":[{"start":{"line":26,"column":6},"end":{"line":27,"column":61}},{"start":{"line":28,"column":6},"end":{"line":29,"column":73}},{"start":{"line":30,"column":6},"end":{"line":31,"column":51}},{"start":{"line":32,"column":6},"end":{"line":36,"column":10}}],"line":25}},"s":{"0":16,"1":16,"2":16,"3":143,"4":143,"5":1,"6":0,"7":1,"8":1,"9":140},"f":{"0":143,"1":143},"b":{"0":[62],"1":[1,0,1,1]},"_coverageSchema":"43e27e138ebf9cfc5966b082cf9a028302ed4184","hash":"c86a3eca0490cbbb06a03387ec5e49d277c90aaf"}
,"/Users/niteshkumar/Desktop/Test/react-template/app/containers/HomeContainer/saga.js": {"path":"/Users/niteshkumar/Desktop/Test/react-template/app/containers/HomeContainer/saga.js","statementMap":{"0":{"start":{"line":5,"column":37},"end":{"line":5,"column":55}},"1":{"start":{"line":6,"column":57},"end":{"line":6,"column":78}},"2":{"start":{"line":8,"column":19},"end":{"line":8,"column":56}},"3":{"start":{"line":9,"column":23},"end":{"line":9,"column":31}},"4":{"start":{"line":10,"column":2},"end":{"line":14,"column":3}},"5":{"start":{"line":11,"column":4},"end":{"line":11,"column":43}},"6":{"start":{"line":13,"column":4},"end":{"line":13,"column":43}},"7":{"start":{"line":18,"column":2},"end":{"line":18,"column":61}}},"fnMap":{"0":{"name":"getGithubRepos","decl":{"start":{"line":7,"column":17},"end":{"line":7,"column":31}},"loc":{"start":{"line":7,"column":40},"end":{"line":15,"column":1}},"line":7},"1":{"name":"homeContainerSaga","decl":{"start":{"line":17,"column":25},"end":{"line":17,"column":42}},"loc":{"start":{"line":17,"column":45},"end":{"line":19,"column":1}},"line":17}},"branchMap":{"0":{"loc":{"start":{"line":10,"column":2},"end":{"line":14,"column":3}},"type":"if","locations":[{"start":{"line":10,"column":2},"end":{"line":14,"column":3}},{"start":{"line":10,"column":2},"end":{"line":14,"column":3}}],"line":10}},"s":{"0":2,"1":2,"2":2,"3":2,"4":2,"5":1,"6":1,"7":4},"f":{"0":2,"1":4},"b":{"0":[1,1]},"_coverageSchema":"43e27e138ebf9cfc5966b082cf9a028302ed4184","hash":"db28f5bd441a26a75ae4dba2dd15b7fab1541a30"}
,"/Users/niteshkumar/Desktop/Test/react-template/app/containers/HomeContainer/selectors.js": {"path":"/Users/niteshkumar/Desktop/Test/react-template/app/containers/HomeContainer/selectors.js","statementMap":{"0":{"start":{"line":9,"column":34},"end":{"line":10,"column":46}},"1":{"start":{"line":10,"column":2},"end":{"line":10,"column":46}},"2":{"start":{"line":20,"column":35},"end":{"line":24,"column":3}},"3":{"start":{"line":21,"column":2},"end":{"line":24,"column":3}},"4":{"start":{"line":23,"column":16},"end":{"line":23,"column":24}},"5":{"start":{"line":26,"column":31},"end":{"line":30,"column":3}},"6":{"start":{"line":27,"column":2},"end":{"line":30,"column":3}},"7":{"start":{"line":29,"column":16},"end":{"line":29,"column":50}},"8":{"start":{"line":32,"column":32},"end":{"line":36,"column":3}},"9":{"start":{"line":33,"column":2},"end":{"line":36,"column":3}},"10":{"start":{"line":35,"column":16},"end":{"line":35,"column":51}},"11":{"start":{"line":38,"column":30},"end":{"line":42,"column":3}},"12":{"start":{"line":39,"column":2},"end":{"line":42,"column":3}},"13":{"start":{"line":41,"column":16},"end":{"line":41,"column":49}}},"fnMap":{"0":{"name":"(anonymous_0)","decl":{"start":{"line":9,"column":34},"end":{"line":9,"column":35}},"loc":{"start":{"line":10,"column":2},"end":{"line":10,"column":46}},"line":10},"1":{"name":"(anonymous_1)","decl":{"start":{"line":20,"column":35},"end":{"line":20,"column":36}},"loc":{"start":{"line":21,"column":2},"end":{"line":24,"column":3}},"line":21},"2":{"name":"(anonymous_2)","decl":{"start":{"line":23,"column":4},"end":{"line":23,"column":5}},"loc":{"start":{"line":23,"column":16},"end":{"line":23,"column":24}},"line":23},"3":{"name":"(anonymous_3)","decl":{"start":{"line":26,"column":31},"end":{"line":26,"column":32}},"loc":{"start":{"line":27,"column":2},"end":{"line":30,"column":3}},"line":27},"4":{"name":"(anonymous_4)","decl":{"start":{"line":29,"column":4},"end":{"line":29,"column":5}},"loc":{"start":{"line":29,"column":16},"end":{"line":29,"column":50}},"line":29},"5":{"name":"(anonymous_5)","decl":{"start":{"line":32,"column":32},"end":{"line":32,"column":33}},"loc":{"start":{"line":33,"column":2},"end":{"line":36,"column":3}},"line":33},"6":{"name":"(anonymous_6)","decl":{"start":{"line":35,"column":4},"end":{"line":35,"column":5}},"loc":{"start":{"line":35,"column":16},"end":{"line":35,"column":51}},"line":35},"7":{"name":"(anonymous_7)","decl":{"start":{"line":38,"column":30},"end":{"line":38,"column":31}},"loc":{"start":{"line":39,"column":2},"end":{"line":42,"column":3}},"line":39},"8":{"name":"(anonymous_8)","decl":{"start":{"line":41,"column":4},"end":{"line":41,"column":5}},"loc":{"start":{"line":41,"column":16},"end":{"line":41,"column":49}},"line":41}},"branchMap":{"0":{"loc":{"start":{"line":10,"column":3},"end":{"line":10,"column":38}},"type":"binary-expr","locations":[{"start":{"line":10,"column":3},"end":{"line":10,"column":22}},{"start":{"line":10,"column":26},"end":{"line":10,"column":38}}],"line":10}},"s":{"0":2,"1":4,"2":2,"3":2,"4":1,"5":2,"6":2,"7":1,"8":2,"9":2,"10":1,"11":2,"12":2,"13":1},"f":{"0":4,"1":2,"2":1,"3":2,"4":1,"5":2,"6":1,"7":2,"8":1},"b":{"0":[4,0]},"_coverageSchema":"43e27e138ebf9cfc5966b082cf9a028302ed4184","hash":"ed20ce6b2be726c796cac24ecffcc337096848fd"}
,"/Users/niteshkumar/Desktop/Test/react-template/app/containers/ItuneContainer/index.js": {"path":"/Users/niteshkumar/Desktop/Test/react-template/app/containers/ItuneContainer/index.js","statementMap":{"0":{"start":{"line":25,"column":19},"end":{"line":25,"column":24}},"1":{"start":{"line":27,"column":19},"end":{"line":34,"column":1}},"2":{"start":{"line":30,"column":26},"end":{"line":30,"column":40}},"3":{"start":{"line":31,"column":22},"end":{"line":31,"column":33}},"4":{"start":{"line":32,"column":15},"end":{"line":32,"column":53}},"5":{"start":{"line":35,"column":18},"end":{"line":44,"column":1}},"6":{"start":{"line":39,"column":26},"end":{"line":39,"column":40}},"7":{"start":{"line":42,"column":24},"end":{"line":42,"column":37}},"8":{"start":{"line":45,"column":21},"end":{"line":48,"column":1}},"9":{"start":{"line":59,"column":2},"end":{"line":59,"column":49}},"10":{"start":{"line":60,"column":32},"end":{"line":60,"column":47}},"11":{"start":{"line":62,"column":2},"end":{"line":69,"column":19}},"12":{"start":{"line":65,"column":19},"end":{"line":65,"column":67}},"13":{"start":{"line":66,"column":4},"end":{"line":68,"column":5}},"14":{"start":{"line":67,"column":6},"end":{"line":67,"column":24}},"15":{"start":{"line":71,"column":18},"end":{"line":71,"column":30}},"16":{"start":{"line":73,"column":25},"end":{"line":80,"column":3}},"17":{"start":{"line":74,"column":4},"end":{"line":79,"column":5}},"18":{"start":{"line":75,"column":6},"end":{"line":75,"column":33}},"19":{"start":{"line":76,"column":6},"end":{"line":76,"column":23}},"20":{"start":{"line":78,"column":8},"end":{"line":78,"column":35}},"21":{"start":{"line":81,"column":34},"end":{"line":81,"column":63}},"22":{"start":{"line":83,"column":25},"end":{"line":112,"column":3}},"23":{"start":{"line":84,"column":18},"end":{"line":84,"column":48}},"24":{"start":{"line":85,"column":23},"end":{"line":85,"column":56}},"25":{"start":{"line":86,"column":4},"end":{"line":111,"column":6}},"26":{"start":{"line":101,"column":14},"end":{"line":106,"column":27}},"27":{"start":{"line":113,"column":27},"end":{"line":131,"column":3}},"28":{"start":{"line":115,"column":4},"end":{"line":119,"column":5}},"29":{"start":{"line":116,"column":6},"end":{"line":116,"column":31}},"30":{"start":{"line":117,"column":11},"end":{"line":119,"column":5}},"31":{"start":{"line":118,"column":6},"end":{"line":118,"column":42}},"32":{"start":{"line":120,"column":4},"end":{"line":130,"column":6}},"33":{"start":{"line":132,"column":22},"end":{"line":135,"column":3}},"34":{"start":{"line":133,"column":4},"end":{"line":133,"column":28}},"35":{"start":{"line":134,"column":4},"end":{"line":134,"column":29}},"36":{"start":{"line":136,"column":2},"end":{"line":157,"column":4}},"37":{"start":{"line":150,"column":27},"end":{"line":150,"column":68}},"38":{"start":{"line":151,"column":34},"end":{"line":151,"column":69}},"39":{"start":{"line":160,"column":0},"end":{"line":173,"column":2}},"40":{"start":{"line":175,"column":0},"end":{"line":178,"column":2}},"41":{"start":{"line":180,"column":24},"end":{"line":185,"column":2}},"42":{"start":{"line":188,"column":54},"end":{"line":188,"column":76}},"43":{"start":{"line":189,"column":2},"end":{"line":192,"column":4}},"44":{"start":{"line":190,"column":37},"end":{"line":190,"column":78}},"45":{"start":{"line":191,"column":36},"end":{"line":191,"column":64}},"46":{"start":{"line":195,"column":20},"end":{"line":198,"column":1}},"47":{"start":{"line":206,"column":34},"end":{"line":206,"column":69}}},"fnMap":{"0":{"name":"(anonymous_0)","decl":{"start":{"line":30,"column":17},"end":{"line":30,"column":18}},"loc":{"start":{"line":30,"column":26},"end":{"line":30,"column":40}},"line":30},"1":{"name":"(anonymous_1)","decl":{"start":{"line":31,"column":13},"end":{"line":31,"column":14}},"loc":{"start":{"line":31,"column":22},"end":{"line":31,"column":33}},"line":31},"2":{"name":"(anonymous_2)","decl":{"start":{"line":32,"column":6},"end":{"line":32,"column":7}},"loc":{"start":{"line":32,"column":15},"end":{"line":32,"column":53}},"line":32},"3":{"name":"(anonymous_3)","decl":{"start":{"line":39,"column":17},"end":{"line":39,"column":18}},"loc":{"start":{"line":39,"column":26},"end":{"line":39,"column":40}},"line":39},"4":{"name":"(anonymous_4)","decl":{"start":{"line":42,"column":15},"end":{"line":42,"column":16}},"loc":{"start":{"line":42,"column":24},"end":{"line":42,"column":37}},"line":42},"5":{"name":"ItuneContainer","decl":{"start":{"line":49,"column":16},"end":{"line":49,"column":30}},"loc":{"start":{"line":58,"column":3},"end":{"line":158,"column":1}},"line":58},"6":{"name":"(anonymous_6)","decl":{"start":{"line":62,"column":12},"end":{"line":62,"column":13}},"loc":{"start":{"line":62,"column":18},"end":{"line":69,"column":3}},"line":62},"7":{"name":"(anonymous_7)","decl":{"start":{"line":73,"column":25},"end":{"line":73,"column":26}},"loc":{"start":{"line":73,"column":34},"end":{"line":80,"column":3}},"line":73},"8":{"name":"(anonymous_8)","decl":{"start":{"line":83,"column":25},"end":{"line":83,"column":26}},"loc":{"start":{"line":83,"column":31},"end":{"line":112,"column":3}},"line":83},"9":{"name":"(anonymous_9)","decl":{"start":{"line":100,"column":23},"end":{"line":100,"column":24}},"loc":{"start":{"line":101,"column":14},"end":{"line":106,"column":27}},"line":101},"10":{"name":"(anonymous_10)","decl":{"start":{"line":113,"column":27},"end":{"line":113,"column":28}},"loc":{"start":{"line":113,"column":33},"end":{"line":131,"column":3}},"line":113},"11":{"name":"(anonymous_11)","decl":{"start":{"line":132,"column":22},"end":{"line":132,"column":23}},"loc":{"start":{"line":132,"column":28},"end":{"line":135,"column":3}},"line":132},"12":{"name":"(anonymous_12)","decl":{"start":{"line":150,"column":20},"end":{"line":150,"column":21}},"loc":{"start":{"line":150,"column":27},"end":{"line":150,"column":68}},"line":150},"13":{"name":"(anonymous_13)","decl":{"start":{"line":151,"column":20},"end":{"line":151,"column":21}},"loc":{"start":{"line":151,"column":34},"end":{"line":151,"column":69}},"line":151},"14":{"name":"mapDispatchToProps","decl":{"start":{"line":187,"column":9},"end":{"line":187,"column":27}},"loc":{"start":{"line":187,"column":38},"end":{"line":193,"column":1}},"line":187},"15":{"name":"(anonymous_15)","decl":{"start":{"line":190,"column":25},"end":{"line":190,"column":26}},"loc":{"start":{"line":190,"column":37},"end":{"line":190,"column":78}},"line":190},"16":{"name":"(anonymous_16)","decl":{"start":{"line":191,"column":30},"end":{"line":191,"column":31}},"loc":{"start":{"line":191,"column":36},"end":{"line":191,"column":64}},"line":191}},"branchMap":{"0":{"loc":{"start":{"line":32,"column":15},"end":{"line":32,"column":53}},"type":"binary-expr","locations":[{"start":{"line":32,"column":15},"end":{"line":32,"column":26}},{"start":{"line":32,"column":30},"end":{"line":32,"column":53}}],"line":32},"1":{"loc":{"start":{"line":53,"column":2},"end":{"line":53,"column":17}},"type":"default-arg","locations":[{"start":{"line":53,"column":15},"end":{"line":53,"column":17}}],"line":53},"2":{"loc":{"start":{"line":54,"column":2},"end":{"line":54,"column":21}},"type":"default-arg","locations":[{"start":{"line":54,"column":17},"end":{"line":54,"column":21}}],"line":54},"3":{"loc":{"start":{"line":65,"column":19},"end":{"line":65,"column":67}},"type":"binary-expr","locations":[{"start":{"line":65,"column":19},"end":{"line":65,"column":51}},{"start":{"line":65,"column":55},"end":{"line":65,"column":67}}],"line":65},"4":{"loc":{"start":{"line":66,"column":4},"end":{"line":68,"column":5}},"type":"if","locations":[{"start":{"line":66,"column":4},"end":{"line":68,"column":5}},{"start":{"line":66,"column":4},"end":{"line":68,"column":5}}],"line":66},"5":{"loc":{"start":{"line":66,"column":8},"end":{"line":66,"column":25}},"type":"binary-expr","locations":[{"start":{"line":66,"column":8},"end":{"line":66,"column":15}},{"start":{"line":66,"column":19},"end":{"line":66,"column":25}}],"line":66},"6":{"loc":{"start":{"line":74,"column":4},"end":{"line":79,"column":5}},"type":"if","locations":[{"start":{"line":74,"column":4},"end":{"line":79,"column":5}},{"start":{"line":74,"column":4},"end":{"line":79,"column":5}}],"line":74},"7":{"loc":{"start":{"line":87,"column":6},"end":{"line":110,"column":7}},"type":"binary-expr","locations":[{"start":{"line":87,"column":7},"end":{"line":87,"column":25}},{"start":{"line":87,"column":29},"end":{"line":87,"column":36}},{"start":{"line":88,"column":8},"end":{"line":109,"column":21}}],"line":87},"8":{"loc":{"start":{"line":90,"column":13},"end":{"line":94,"column":13}},"type":"binary-expr","locations":[{"start":{"line":90,"column":13},"end":{"line":90,"column":21}},{"start":{"line":91,"column":14},"end":{"line":93,"column":20}}],"line":90},"9":{"loc":{"start":{"line":95,"column":13},"end":{"line":99,"column":13}},"type":"binary-expr","locations":[{"start":{"line":95,"column":13},"end":{"line":95,"column":29}},{"start":{"line":96,"column":14},"end":{"line":98,"column":20}}],"line":95},"10":{"loc":{"start":{"line":115,"column":4},"end":{"line":119,"column":5}},"type":"if","locations":[{"start":{"line":115,"column":4},"end":{"line":119,"column":5}},{"start":{"line":115,"column":4},"end":{"line":119,"column":5}}],"line":115},"11":{"loc":{"start":{"line":117,"column":11},"end":{"line":119,"column":5}},"type":"if","locations":[{"start":{"line":117,"column":11},"end":{"line":119,"column":5}},{"start":{"line":117,"column":11},"end":{"line":119,"column":5}}],"line":117},"12":{"loc":{"start":{"line":121,"column":6},"end":{"line":129,"column":7}},"type":"binary-expr","locations":[{"start":{"line":121,"column":6},"end":{"line":121,"column":14}},{"start":{"line":122,"column":6},"end":{"line":122,"column":15}},{"start":{"line":123,"column":8},"end":{"line":128,"column":21}}],"line":121},"13":{"loc":{"start":{"line":124,"column":17},"end":{"line":124,"column":46}},"type":"cond-expr","locations":[{"start":{"line":124,"column":32},"end":{"line":124,"column":37}},{"start":{"line":124,"column":40},"end":{"line":124,"column":46}}],"line":124}},"s":{"0":1,"1":1,"2":10,"3":10,"4":10,"5":1,"6":5,"7":5,"8":1,"9":5,"10":5,"11":5,"12":5,"13":5,"14":0,"15":5,"16":5,"17":3,"18":2,"19":2,"20":1,"21":5,"22":5,"23":5,"24":5,"25":5,"26":0,"27":5,"28":5,"29":0,"30":5,"31":5,"32":5,"33":5,"34":0,"35":0,"36":5,"37":3,"38":0,"39":1,"40":1,"41":1,"42":0,"43":0,"44":0,"45":0,"46":1,"47":1},"f":{"0":10,"1":10,"2":10,"3":5,"4":5,"5":5,"6":5,"7":3,"8":5,"9":0,"10":5,"11":0,"12":3,"13":0,"14":0,"15":0,"16":0},"b":{"0":[10,3],"1":[5],"2":[5],"3":[5,5],"4":[0,5],"5":[5,2],"6":[2,1],"7":[5,5,2],"8":[2,0],"9":[2,0],"10":[0,5],"11":[5,0],"12":[5,3,3],"13":[0,3]},"_coverageSchema":"43e27e138ebf9cfc5966b082cf9a028302ed4184","hash":"53456ea2a3452ae00b23ce6fca125c6a62bf694d"}
,"/Users/niteshkumar/Desktop/Test/react-template/app/containers/ItuneContainer/reducer.js": {"path":"/Users/niteshkumar/Desktop/Test/react-template/app/containers/ItuneContainer/reducer.js","statementMap":{"0":{"start":{"line":14,"column":4},"end":{"line":19,"column":2}},"1":{"start":{"line":20,"column":28},"end":{"line":20,"column":38}},"2":{"start":{"line":23,"column":37},"end":{"line":40,"column":4}},"3":{"start":{"line":24,"column":2},"end":{"line":40,"column":4}},"4":{"start":{"line":26,"column":4},"end":{"line":38,"column":5}},"5":{"start":{"line":28,"column":8},"end":{"line":28,"column":65}},"6":{"start":{"line":30,"column":8},"end":{"line":30,"column":76}},"7":{"start":{"line":32,"column":8},"end":{"line":32,"column":52}},"8":{"start":{"line":34,"column":8},"end":{"line":37,"column":10}},"9":{"start":{"line":39,"column":4},"end":{"line":39,"column":17}}},"fnMap":{"0":{"name":"(anonymous_0)","decl":{"start":{"line":23,"column":37},"end":{"line":23,"column":38}},"loc":{"start":{"line":24,"column":2},"end":{"line":40,"column":4}},"line":24},"1":{"name":"(anonymous_1)","decl":{"start":{"line":24,"column":17},"end":{"line":24,"column":18}},"loc":{"start":{"line":24,"column":34},"end":{"line":40,"column":3}},"line":24}},"branchMap":{"0":{"loc":{"start":{"line":23,"column":38},"end":{"line":23,"column":58}},"type":"default-arg","locations":[{"start":{"line":23,"column":46},"end":{"line":23,"column":58}}],"line":23},"1":{"loc":{"start":{"line":26,"column":4},"end":{"line":38,"column":5}},"type":"switch","locations":[{"start":{"line":27,"column":6},"end":{"line":28,"column":65}},{"start":{"line":29,"column":6},"end":{"line":30,"column":76}},{"start":{"line":31,"column":6},"end":{"line":32,"column":52}},{"start":{"line":33,"column":6},"end":{"line":37,"column":10}}],"line":26}},"s":{"0":16,"1":16,"2":16,"3":143,"4":143,"5":1,"6":0,"7":1,"8":1,"9":140},"f":{"0":143,"1":143},"b":{"0":[62],"1":[1,0,1,1]},"_coverageSchema":"43e27e138ebf9cfc5966b082cf9a028302ed4184","hash":"17ac6a7ff03747a99323a798e016ed931594f2b3"}
,"/Users/niteshkumar/Desktop/Test/react-template/app/containers/ItuneContainer/saga.js": {"path":"/Users/niteshkumar/Desktop/Test/react-template/app/containers/ItuneContainer/saga.js","statementMap":{"0":{"start":{"line":5,"column":37},"end":{"line":5,"column":56}},"1":{"start":{"line":6,"column":57},"end":{"line":6,"column":79}},"2":{"start":{"line":8,"column":19},"end":{"line":8,"column":59}},"3":{"start":{"line":9,"column":23},"end":{"line":9,"column":31}},"4":{"start":{"line":10,"column":2},"end":{"line":14,"column":3}},"5":{"start":{"line":11,"column":4},"end":{"line":11,"column":43}},"6":{"start":{"line":13,"column":4},"end":{"line":13,"column":43}},"7":{"start":{"line":18,"column":2},"end":{"line":18,"column":61}}},"fnMap":{"0":{"name":"getItuneArtist","decl":{"start":{"line":7,"column":17},"end":{"line":7,"column":31}},"loc":{"start":{"line":7,"column":40},"end":{"line":15,"column":1}},"line":7},"1":{"name":"ituneContainerSaga","decl":{"start":{"line":17,"column":25},"end":{"line":17,"column":43}},"loc":{"start":{"line":17,"column":46},"end":{"line":19,"column":1}},"line":17}},"branchMap":{"0":{"loc":{"start":{"line":10,"column":2},"end":{"line":14,"column":3}},"type":"if","locations":[{"start":{"line":10,"column":2},"end":{"line":14,"column":3}},{"start":{"line":10,"column":2},"end":{"line":14,"column":3}}],"line":10}},"s":{"0":2,"1":2,"2":2,"3":2,"4":2,"5":1,"6":1,"7":4},"f":{"0":2,"1":4},"b":{"0":[1,1]},"_coverageSchema":"43e27e138ebf9cfc5966b082cf9a028302ed4184","hash":"1165451f49bdacd240f5486f6ff4d49d9f491741"}
,"/Users/niteshkumar/Desktop/Test/react-template/app/containers/ItuneContainer/selectors.js": {"path":"/Users/niteshkumar/Desktop/Test/react-template/app/containers/ItuneContainer/selectors.js","statementMap":{"0":{"start":{"line":9,"column":30},"end":{"line":10,"column":47}},"1":{"start":{"line":10,"column":2},"end":{"line":10,"column":47}},"2":{"start":{"line":20,"column":36},"end":{"line":24,"column":3}},"3":{"start":{"line":21,"column":2},"end":{"line":24,"column":3}},"4":{"start":{"line":23,"column":16},"end":{"line":23,"column":24}},"5":{"start":{"line":26,"column":31},"end":{"line":30,"column":3}},"6":{"start":{"line":27,"column":2},"end":{"line":30,"column":3}},"7":{"start":{"line":29,"column":16},"end":{"line":29,"column":51}},"8":{"start":{"line":32,"column":32},"end":{"line":36,"column":3}},"9":{"start":{"line":33,"column":2},"end":{"line":36,"column":3}},"10":{"start":{"line":35,"column":16},"end":{"line":35,"column":52}},"11":{"start":{"line":38,"column":32},"end":{"line":42,"column":3}},"12":{"start":{"line":39,"column":2},"end":{"line":42,"column":3}},"13":{"start":{"line":41,"column":16},"end":{"line":41,"column":51}}},"fnMap":{"0":{"name":"(anonymous_0)","decl":{"start":{"line":9,"column":30},"end":{"line":9,"column":31}},"loc":{"start":{"line":10,"column":2},"end":{"line":10,"column":47}},"line":10},"1":{"name":"(anonymous_1)","decl":{"start":{"line":20,"column":36},"end":{"line":20,"column":37}},"loc":{"start":{"line":21,"column":2},"end":{"line":24,"column":3}},"line":21},"2":{"name":"(anonymous_2)","decl":{"start":{"line":23,"column":4},"end":{"line":23,"column":5}},"loc":{"start":{"line":23,"column":16},"end":{"line":23,"column":24}},"line":23},"3":{"name":"(anonymous_3)","decl":{"start":{"line":26,"column":31},"end":{"line":26,"column":32}},"loc":{"start":{"line":27,"column":2},"end":{"line":30,"column":3}},"line":27},"4":{"name":"(anonymous_4)","decl":{"start":{"line":29,"column":4},"end":{"line":29,"column":5}},"loc":{"start":{"line":29,"column":16},"end":{"line":29,"column":51}},"line":29},"5":{"name":"(anonymous_5)","decl":{"start":{"line":32,"column":32},"end":{"line":32,"column":33}},"loc":{"start":{"line":33,"column":2},"end":{"line":36,"column":3}},"line":33},"6":{"name":"(anonymous_6)","decl":{"start":{"line":35,"column":4},"end":{"line":35,"column":5}},"loc":{"start":{"line":35,"column":16},"end":{"line":35,"column":52}},"line":35},"7":{"name":"(anonymous_7)","decl":{"start":{"line":38,"column":32},"end":{"line":38,"column":33}},"loc":{"start":{"line":39,"column":2},"end":{"line":42,"column":3}},"line":39},"8":{"name":"(anonymous_8)","decl":{"start":{"line":41,"column":4},"end":{"line":41,"column":5}},"loc":{"start":{"line":41,"column":16},"end":{"line":41,"column":51}},"line":41}},"branchMap":{"0":{"loc":{"start":{"line":10,"column":3},"end":{"line":10,"column":39}},"type":"binary-expr","locations":[{"start":{"line":10,"column":3},"end":{"line":10,"column":23}},{"start":{"line":10,"column":27},"end":{"line":10,"column":39}}],"line":10}},"s":{"0":2,"1":4,"2":2,"3":2,"4":1,"5":2,"6":2,"7":1,"8":2,"9":2,"10":1,"11":2,"12":2,"13":1},"f":{"0":4,"1":2,"2":1,"3":2,"4":1,"5":2,"6":1,"7":2,"8":1},"b":{"0":[4,0]},"_coverageSchema":"43e27e138ebf9cfc5966b082cf9a028302ed4184","hash":"53ef04dfb49c3b00d617b2653d215759d4a70185"}
,"/Users/niteshkumar/Desktop/Test/react-template/app/containers/LanguageProvider/index.js": {"path":"/Users/niteshkumar/Desktop/Test/react-template/app/containers/LanguageProvider/index.js","statementMap":{"0":{"start":{"line":18,"column":2},"end":{"line":28,"column":4}},"1":{"start":{"line":31,"column":0},"end":{"line":35,"column":2}},"2":{"start":{"line":37,"column":24},"end":{"line":42,"column":1}},"3":{"start":{"line":39,"column":13},"end":{"line":41,"column":3}},"4":{"start":{"line":45,"column":2},"end":{"line":47,"column":4}}},"fnMap":{"0":{"name":"LanguageProvider","decl":{"start":{"line":17,"column":16},"end":{"line":17,"column":32}},"loc":{"start":{"line":17,"column":40},"end":{"line":29,"column":1}},"line":17},"1":{"name":"(anonymous_1)","decl":{"start":{"line":39,"column":2},"end":{"line":39,"column":3}},"loc":{"start":{"line":39,"column":13},"end":{"line":41,"column":3}},"line":39},"2":{"name":"mapDispatchToProps","decl":{"start":{"line":44,"column":9},"end":{"line":44,"column":27}},"loc":{"start":{"line":44,"column":38},"end":{"line":48,"column":1}},"line":44}},"branchMap":{},"s":{"0":8,"1":10,"2":10,"3":3,"4":7},"f":{"0":8,"1":3,"2":7},"b":{},"_coverageSchema":"43e27e138ebf9cfc5966b082cf9a028302ed4184","hash":"618221edcd56bf9b2058f3cf21365aa0f8e396aa"}
,"/Users/niteshkumar/Desktop/Test/react-template/app/containers/LanguageProvider/reducer.js": {"path":"/Users/niteshkumar/Desktop/Test/react-template/app/containers/LanguageProvider/reducer.js","statementMap":{"0":{"start":{"line":14,"column":4},"end":{"line":16,"column":2}},"1":{"start":{"line":18,"column":28},"end":{"line":20,"column":2}},"2":{"start":{"line":23,"column":39},"end":{"line":31,"column":4}},"3":{"start":{"line":24,"column":2},"end":{"line":31,"column":4}},"4":{"start":{"line":25,"column":4},"end":{"line":30,"column":5}},"5":{"start":{"line":27,"column":8},"end":{"line":27,"column":50}},"6":{"start":{"line":29,"column":8},"end":{"line":29,"column":21}}},"fnMap":{"0":{"name":"(anonymous_0)","decl":{"start":{"line":23,"column":39},"end":{"line":23,"column":40}},"loc":{"start":{"line":24,"column":2},"end":{"line":31,"column":4}},"line":24},"1":{"name":"(anonymous_1)","decl":{"start":{"line":24,"column":17},"end":{"line":24,"column":18}},"loc":{"start":{"line":24,"column":34},"end":{"line":31,"column":3}},"line":24}},"branchMap":{"0":{"loc":{"start":{"line":23,"column":40},"end":{"line":23,"column":60}},"type":"default-arg","locations":[{"start":{"line":23,"column":48},"end":{"line":23,"column":60}}],"line":23},"1":{"loc":{"start":{"line":25,"column":4},"end":{"line":30,"column":5}},"type":"switch","locations":[{"start":{"line":26,"column":6},"end":{"line":27,"column":50}},{"start":{"line":28,"column":6},"end":{"line":29,"column":21}}],"line":25}},"s":{"0":15,"1":15,"2":15,"3":141,"4":141,"5":1,"6":140},"f":{"0":141,"1":141},"b":{"0":[63],"1":[1,140]},"_coverageSchema":"43e27e138ebf9cfc5966b082cf9a028302ed4184","hash":"ce93f32cbce0d0525acc0436f85f270d2070a4bc"}
,"/Users/niteshkumar/Desktop/Test/react-template/app/containers/LanguageProvider/selectors.js": {"path":"/Users/niteshkumar/Desktop/Test/react-template/app/containers/LanguageProvider/selectors.js","statementMap":{"0":{"start":{"line":7,"column":23},"end":{"line":7,"column":71}},"1":{"start":{"line":7,"column":32},"end":{"line":7,"column":71}},"2":{"start":{"line":13,"column":25},"end":{"line":17,"column":3}},"3":{"start":{"line":14,"column":2},"end":{"line":17,"column":3}},"4":{"start":{"line":16,"column":21},"end":{"line":16,"column":41}}},"fnMap":{"0":{"name":"(anonymous_0)","decl":{"start":{"line":7,"column":23},"end":{"line":7,"column":24}},"loc":{"start":{"line":7,"column":32},"end":{"line":7,"column":71}},"line":7},"1":{"name":"(anonymous_1)","decl":{"start":{"line":13,"column":25},"end":{"line":13,"column":26}},"loc":{"start":{"line":14,"column":2},"end":{"line":17,"column":3}},"line":14},"2":{"name":"(anonymous_2)","decl":{"start":{"line":16,"column":4},"end":{"line":16,"column":5}},"loc":{"start":{"line":16,"column":21},"end":{"line":16,"column":41}},"line":16}},"branchMap":{"0":{"loc":{"start":{"line":7,"column":33},"end":{"line":7,"column":63}},"type":"binary-expr","locations":[{"start":{"line":7,"column":33},"end":{"line":7,"column":47}},{"start":{"line":7,"column":51},"end":{"line":7,"column":63}}],"line":7}},"s":{"0":11,"1":14,"2":11,"3":10,"4":13},"f":{"0":14,"1":10,"2":13},"b":{"0":[14,0]},"_coverageSchema":"43e27e138ebf9cfc5966b082cf9a028302ed4184","hash":"35fe3e6d974b7e80c3c8b94f038ce33464eabe33"}
,"/Users/niteshkumar/Desktop/Test/react-template/app/containers/NotFoundPage/index.js": {"path":"/Users/niteshkumar/Desktop/Test/react-template/app/containers/NotFoundPage/index.js","statementMap":{"0":{"start":{"line":14,"column":2},"end":{"line":18,"column":4}}},"fnMap":{"0":{"name":"NotFound","decl":{"start":{"line":13,"column":24},"end":{"line":13,"column":32}},"loc":{"start":{"line":13,"column":35},"end":{"line":19,"column":1}},"line":13}},"branchMap":{},"s":{"0":1},"f":{"0":1},"b":{},"_coverageSchema":"43e27e138ebf9cfc5966b082cf9a028302ed4184","hash":"eb7b933c7182024564163b22215673a7b6b76f3e"}
,"/Users/niteshkumar/Desktop/Test/react-template/app/containers/NotFoundPage/messages.js": {"path":"/Users/niteshkumar/Desktop/Test/react-template/app/containers/NotFoundPage/messages.js","statementMap":{"0":{"start":{"line":8,"column":21},"end":{"line":8,"column":50}}},"fnMap":{},"branchMap":{},"s":{"0":1},"f":{},"b":{},"_coverageSchema":"43e27e138ebf9cfc5966b082cf9a028302ed4184","hash":"a152fcd8ae241822e03b9c94b5b72bcb115460c7"}
,"/Users/niteshkumar/Desktop/Test/react-template/app/services/ituneApi.js": {"path":"/Users/niteshkumar/Desktop/Test/react-template/app/services/ituneApi.js","statementMap":{"0":{"start":{"line":2,"column":16},"end":{"line":2,"column":47}},"1":{"start":{"line":4,"column":25},"end":{"line":5,"column":43}},"2":{"start":{"line":5,"column":2},"end":{"line":5,"column":43}}},"fnMap":{"0":{"name":"(anonymous_0)","decl":{"start":{"line":4,"column":25},"end":{"line":4,"column":26}},"loc":{"start":{"line":5,"column":2},"end":{"line":5,"column":43}},"line":5}},"branchMap":{},"s":{"0":2,"1":2,"2":0},"f":{"0":0},"b":{},"_coverageSchema":"43e27e138ebf9cfc5966b082cf9a028302ed4184","hash":"be78daef57a6c06f81edd4b90bb12b5fec2ad4a2"}
,"/Users/niteshkumar/Desktop/Test/react-template/app/services/repoApi.js": {"path":"/Users/niteshkumar/Desktop/Test/react-template/app/services/repoApi.js","statementMap":{"0":{"start":{"line":2,"column":16},"end":{"line":2,"column":43}},"1":{"start":{"line":4,"column":24},"end":{"line":5,"column":51}},"2":{"start":{"line":5,"column":2},"end":{"line":5,"column":51}}},"fnMap":{"0":{"name":"(anonymous_0)","decl":{"start":{"line":4,"column":24},"end":{"line":4,"column":25}},"loc":{"start":{"line":5,"column":2},"end":{"line":5,"column":51}},"line":5}},"branchMap":{},"s":{"0":3,"1":3,"2":1},"f":{"0":1},"b":{},"_coverageSchema":"43e27e138ebf9cfc5966b082cf9a028302ed4184","hash":"b6522a2efb476606f14dff9efb9fadfcd4f53703"}
,"/Users/niteshkumar/Desktop/Test/react-template/app/themes/colors.js": {"path":"/Users/niteshkumar/Desktop/Test/react-template/app/themes/colors.js","statementMap":{"0":{"start":{"line":8,"column":16},"end":{"line":8,"column":25}},"1":{"start":{"line":9,"column":13},"end":{"line":9,"column":22}},"2":{"start":{"line":10,"column":18},"end":{"line":10,"column":27}},"3":{"start":{"line":11,"column":16},"end":{"line":11,"column":25}},"4":{"start":{"line":12,"column":14},"end":{"line":12,"column":23}},"5":{"start":{"line":14,"column":15},"end":{"line":32,"column":1}},"6":{"start":{"line":33,"column":0},"end":{"line":33,"column":24}}},"fnMap":{},"branchMap":{},"s":{"0":7,"1":7,"2":7,"3":7,"4":7,"5":7,"6":7},"f":{},"b":{},"_coverageSchema":"43e27e138ebf9cfc5966b082cf9a028302ed4184","hash":"a81bda39e1a75ebddd9da353479bbdc0eedaaebd"}
,"/Users/niteshkumar/Desktop/Test/react-template/app/themes/fonts.js": {"path":"/Users/niteshkumar/Desktop/Test/react-template/app/themes/fonts.js","statementMap":{"0":{"start":{"line":5,"column":24},"end":{"line":25,"column":1}},"1":{"start":{"line":5,"column":69},"end":{"line":25,"column":1}},"2":{"start":{"line":27,"column":16},"end":{"line":29,"column":1}},"3":{"start":{"line":27,"column":22},"end":{"line":29,"column":1}},"4":{"start":{"line":31,"column":17},"end":{"line":33,"column":1}},"5":{"start":{"line":31,"column":23},"end":{"line":33,"column":1}},"6":{"start":{"line":34,"column":14},"end":{"line":36,"column":1}},"7":{"start":{"line":34,"column":20},"end":{"line":36,"column":1}},"8":{"start":{"line":37,"column":12},"end":{"line":39,"column":1}},"9":{"start":{"line":37,"column":18},"end":{"line":39,"column":1}},"10":{"start":{"line":40,"column":14},"end":{"line":42,"column":1}},"11":{"start":{"line":40,"column":20},"end":{"line":42,"column":1}},"12":{"start":{"line":43,"column":19},"end":{"line":45,"column":1}},"13":{"start":{"line":43,"column":25},"end":{"line":45,"column":1}},"14":{"start":{"line":48,"column":14},"end":{"line":50,"column":1}},"15":{"start":{"line":48,"column":20},"end":{"line":50,"column":1}},"16":{"start":{"line":51,"column":13},"end":{"line":53,"column":1}},"17":{"start":{"line":51,"column":19},"end":{"line":53,"column":1}},"18":{"start":{"line":55,"column":15},"end":{"line":57,"column":1}},"19":{"start":{"line":55,"column":21},"end":{"line":57,"column":1}},"20":{"start":{"line":60,"column":16},"end":{"line":63,"column":1}},"21":{"start":{"line":60,"column":22},"end":{"line":63,"column":1}},"22":{"start":{"line":65,"column":19},"end":{"line":68,"column":1}},"23":{"start":{"line":65,"column":25},"end":{"line":68,"column":1}},"24":{"start":{"line":70,"column":17},"end":{"line":73,"column":1}},"25":{"start":{"line":70,"column":23},"end":{"line":73,"column":1}},"26":{"start":{"line":75,"column":16},"end":{"line":78,"column":1}},"27":{"start":{"line":75,"column":22},"end":{"line":78,"column":1}}},"fnMap":{"0":{"name":"(anonymous_0)","decl":{"start":{"line":5,"column":24},"end":{"line":5,"column":25}},"loc":{"start":{"line":5,"column":69},"end":{"line":25,"column":1}},"line":5},"1":{"name":"(anonymous_1)","decl":{"start":{"line":27,"column":16},"end":{"line":27,"column":17}},"loc":{"start":{"line":27,"column":22},"end":{"line":29,"column":1}},"line":27},"2":{"name":"(anonymous_2)","decl":{"start":{"line":31,"column":17},"end":{"line":31,"column":18}},"loc":{"start":{"line":31,"column":23},"end":{"line":33,"column":1}},"line":31},"3":{"name":"(anonymous_3)","decl":{"start":{"line":34,"column":14},"end":{"line":34,"column":15}},"loc":{"start":{"line":34,"column":20},"end":{"line":36,"column":1}},"line":34},"4":{"name":"(anonymous_4)","decl":{"start":{"line":37,"column":12},"end":{"line":37,"column":13}},"loc":{"start":{"line":37,"column":18},"end":{"line":39,"column":1}},"line":37},"5":{"name":"(anonymous_5)","decl":{"start":{"line":40,"column":14},"end":{"line":40,"column":15}},"loc":{"start":{"line":40,"column":20},"end":{"line":42,"column":1}},"line":40},"6":{"name":"(anonymous_6)","decl":{"start":{"line":43,"column":19},"end":{"line":43,"column":20}},"loc":{"start":{"line":43,"column":25},"end":{"line":45,"column":1}},"line":43},"7":{"name":"(anonymous_7)","decl":{"start":{"line":48,"column":14},"end":{"line":48,"column":15}},"loc":{"start":{"line":48,"column":20},"end":{"line":50,"column":1}},"line":48},"8":{"name":"(anonymous_8)","decl":{"start":{"line":51,"column":13},"end":{"line":51,"column":14}},"loc":{"start":{"line":51,"column":19},"end":{"line":53,"column":1}},"line":51},"9":{"name":"(anonymous_9)","decl":{"start":{"line":55,"column":15},"end":{"line":55,"column":16}},"loc":{"start":{"line":55,"column":21},"end":{"line":57,"column":1}},"line":55},"10":{"name":"(anonymous_10)","decl":{"start":{"line":60,"column":16},"end":{"line":60,"column":17}},"loc":{"start":{"line":60,"column":22},"end":{"line":63,"column":1}},"line":60},"11":{"name":"(anonymous_11)","decl":{"start":{"line":65,"column":19},"end":{"line":65,"column":20}},"loc":{"start":{"line":65,"column":25},"end":{"line":68,"column":1}},"line":65},"12":{"name":"(anonymous_12)","decl":{"start":{"line":70,"column":17},"end":{"line":70,"column":18}},"loc":{"start":{"line":70,"column":23},"end":{"line":73,"column":1}},"line":70},"13":{"name":"(anonymous_13)","decl":{"start":{"line":75,"column":16},"end":{"line":75,"column":17}},"loc":{"start":{"line":75,"column":22},"end":{"line":78,"column":1}},"line":75}},"branchMap":{"0":{"loc":{"start":{"line":5,"column":31},"end":{"line":5,"column":47}},"type":"default-arg","locations":[{"start":{"line":5,"column":46},"end":{"line":5,"column":47}}],"line":5},"1":{"loc":{"start":{"line":5,"column":49},"end":{"line":5,"column":64}},"type":"default-arg","locations":[{"start":{"line":5,"column":63},"end":{"line":5,"column":64}}],"line":5}},"s":{"0":7,"1":2,"2":7,"3":23,"4":7,"5":6,"6":7,"7":3,"8":7,"9":3,"10":7,"11":5,"12":7,"13":1,"14":7,"15":1,"16":7,"17":7,"18":7,"19":25,"20":7,"21":4,"22":7,"23":2,"24":7,"25":22,"26":7,"27":2},"f":{"0":2,"1":23,"2":6,"3":3,"4":3,"5":5,"6":1,"7":1,"8":7,"9":25,"10":4,"11":2,"12":22,"13":2},"b":{"0":[0],"1":[0]},"_coverageSchema":"43e27e138ebf9cfc5966b082cf9a028302ed4184","hash":"848a93d306c42c20887b1840f7c00631b63ebc3e"}
,"/Users/niteshkumar/Desktop/Test/react-template/app/themes/media.js": {"path":"/Users/niteshkumar/Desktop/Test/react-template/app/themes/media.js","statementMap":{"0":{"start":{"line":2,"column":20},"end":{"line":6,"column":1}},"1":{"start":{"line":7,"column":14},"end":{"line":11,"column":1}},"2":{"start":{"line":14,"column":2},"end":{"line":31,"column":4}},"3":{"start":{"line":16,"column":6},"end":{"line":22,"column":25}},"4":{"start":{"line":24,"column":6},"end":{"line":30,"column":25}},"5":{"start":{"line":32,"column":2},"end":{"line":32,"column":13}}},"fnMap":{"0":{"name":"(anonymous_0)","decl":{"start":{"line":13,"column":41},"end":{"line":13,"column":42}},"loc":{"start":{"line":13,"column":57},"end":{"line":33,"column":1}},"line":13},"1":{"name":"(anonymous_1)","decl":{"start":{"line":15,"column":9},"end":{"line":15,"column":10}},"loc":{"start":{"line":16,"column":6},"end":{"line":22,"column":25}},"line":16},"2":{"name":"(anonymous_2)","decl":{"start":{"line":23,"column":9},"end":{"line":23,"column":10}},"loc":{"start":{"line":24,"column":6},"end":{"line":30,"column":25}},"line":24}},"branchMap":{},"s":{"0":7,"1":7,"2":21,"3":4,"4":0,"5":21},"f":{"0":21,"1":4,"2":0},"b":{},"_coverageSchema":"43e27e138ebf9cfc5966b082cf9a028302ed4184","hash":"7bde522c3e6a6674f80da1221d96e29dd40bbfc5"}
,"/Users/niteshkumar/Desktop/Test/react-template/app/themes/styles.js": {"path":"/Users/niteshkumar/Desktop/Test/react-template/app/themes/styles.js","statementMap":{"0":{"start":{"line":4,"column":22},"end":{"line":21,"column":1}},"1":{"start":{"line":12,"column":5},"end":{"line":21,"column":1}},"2":{"start":{"line":23,"column":12},"end":{"line":27,"column":1}},"3":{"start":{"line":23,"column":18},"end":{"line":27,"column":1}},"4":{"start":{"line":28,"column":15},"end":{"line":32,"column":1}},"5":{"start":{"line":28,"column":21},"end":{"line":32,"column":1}},"6":{"start":{"line":34,"column":18},"end":{"line":36,"column":1}},"7":{"start":{"line":34,"column":24},"end":{"line":36,"column":1}},"8":{"start":{"line":38,"column":23},"end":{"line":40,"column":1}},"9":{"start":{"line":38,"column":29},"end":{"line":40,"column":1}},"10":{"start":{"line":42,"column":15},"end":{"line":44,"column":1}},"11":{"start":{"line":42,"column":31},"end":{"line":44,"column":1}},"12":{"start":{"line":46,"column":12},"end":{"line":49,"column":3}},"13":{"start":{"line":47,"column":2},"end":{"line":49,"column":3}},"14":{"start":{"line":51,"column":15},"end":{"line":54,"column":3}},"15":{"start":{"line":52,"column":2},"end":{"line":54,"column":3}},"16":{"start":{"line":56,"column":13},"end":{"line":59,"column":3}},"17":{"start":{"line":57,"column":2},"end":{"line":59,"column":3}},"18":{"start":{"line":61,"column":14},"end":{"line":64,"column":3}},"19":{"start":{"line":62,"column":2},"end":{"line":64,"column":3}},"20":{"start":{"line":66,"column":17},"end":{"line":69,"column":1}},"21":{"start":{"line":66,"column":41},"end":{"line":69,"column":1}},"22":{"start":{"line":71,"column":19},"end":{"line":74,"column":1}},"23":{"start":{"line":71,"column":45},"end":{"line":74,"column":1}},"24":{"start":{"line":76,"column":27},"end":{"line":79,"column":1}},"25":{"start":{"line":76,"column":49},"end":{"line":79,"column":1}},"26":{"start":{"line":81,"column":24},"end":{"line":84,"column":1}},"27":{"start":{"line":81,"column":43},"end":{"line":84,"column":1}},"28":{"start":{"line":86,"column":21},"end":{"line":89,"column":3}},"29":{"start":{"line":87,"column":2},"end":{"line":89,"column":3}},"30":{"start":{"line":91,"column":25},"end":{"line":100,"column":3}},"31":{"start":{"line":97,"column":2},"end":{"line":100,"column":3}},"32":{"start":{"line":102,"column":18},"end":{"line":111,"column":3}},"33":{"start":{"line":109,"column":2},"end":{"line":111,"column":3}},"34":{"start":{"line":113,"column":31},"end":{"line":116,"column":3}},"35":{"start":{"line":114,"column":2},"end":{"line":116,"column":3}},"36":{"start":{"line":118,"column":15},"end":{"line":122,"column":1}},"37":{"start":{"line":119,"column":2},"end":{"line":121,"column":4}},"38":{"start":{"line":123,"column":21},"end":{"line":128,"column":1}},"39":{"start":{"line":123,"column":42},"end":{"line":128,"column":1}}},"fnMap":{"0":{"name":"(anonymous_0)","decl":{"start":{"line":4,"column":22},"end":{"line":4,"column":23}},"loc":{"start":{"line":12,"column":5},"end":{"line":21,"column":1}},"line":12},"1":{"name":"(anonymous_1)","decl":{"start":{"line":23,"column":12},"end":{"line":23,"column":13}},"loc":{"start":{"line":23,"column":18},"end":{"line":27,"column":1}},"line":23},"2":{"name":"(anonymous_2)","decl":{"start":{"line":28,"column":15},"end":{"line":28,"column":16}},"loc":{"start":{"line":28,"column":21},"end":{"line":32,"column":1}},"line":28},"3":{"name":"(anonymous_3)","decl":{"start":{"line":34,"column":18},"end":{"line":34,"column":19}},"loc":{"start":{"line":34,"column":24},"end":{"line":36,"column":1}},"line":34},"4":{"name":"(anonymous_4)","decl":{"start":{"line":38,"column":23},"end":{"line":38,"column":24}},"loc":{"start":{"line":38,"column":29},"end":{"line":40,"column":1}},"line":38},"5":{"name":"(anonymous_5)","decl":{"start":{"line":42,"column":15},"end":{"line":42,"column":16}},"loc":{"start":{"line":42,"column":31},"end":{"line":44,"column":1}},"line":42},"6":{"name":"(anonymous_6)","decl":{"start":{"line":46,"column":12},"end":{"line":46,"column":13}},"loc":{"start":{"line":47,"column":2},"end":{"line":49,"column":3}},"line":47},"7":{"name":"(anonymous_7)","decl":{"start":{"line":51,"column":15},"end":{"line":51,"column":16}},"loc":{"start":{"line":52,"column":2},"end":{"line":54,"column":3}},"line":52},"8":{"name":"(anonymous_8)","decl":{"start":{"line":56,"column":13},"end":{"line":56,"column":14}},"loc":{"start":{"line":57,"column":2},"end":{"line":59,"column":3}},"line":57},"9":{"name":"(anonymous_9)","decl":{"start":{"line":61,"column":14},"end":{"line":61,"column":15}},"loc":{"start":{"line":62,"column":2},"end":{"line":64,"column":3}},"line":62},"10":{"name":"(anonymous_10)","decl":{"start":{"line":66,"column":17},"end":{"line":66,"column":18}},"loc":{"start":{"line":66,"column":41},"end":{"line":69,"column":1}},"line":66},"11":{"name":"(anonymous_11)","decl":{"start":{"line":71,"column":19},"end":{"line":71,"column":20}},"loc":{"start":{"line":71,"column":45},"end":{"line":74,"column":1}},"line":71},"12":{"name":"(anonymous_12)","decl":{"start":{"line":76,"column":27},"end":{"line":76,"column":28}},"loc":{"start":{"line":76,"column":49},"end":{"line":79,"column":1}},"line":76},"13":{"name":"(anonymous_13)","decl":{"start":{"line":81,"column":24},"end":{"line":81,"column":25}},"loc":{"start":{"line":81,"column":43},"end":{"line":84,"column":1}},"line":81},"14":{"name":"(anonymous_14)","decl":{"start":{"line":86,"column":21},"end":{"line":86,"column":22}},"loc":{"start":{"line":87,"column":2},"end":{"line":89,"column":3}},"line":87},"15":{"name":"(anonymous_15)","decl":{"start":{"line":91,"column":25},"end":{"line":91,"column":26}},"loc":{"start":{"line":97,"column":2},"end":{"line":100,"column":3}},"line":97},"16":{"name":"(anonymous_16)","decl":{"start":{"line":102,"column":18},"end":{"line":102,"column":19}},"loc":{"start":{"line":109,"column":2},"end":{"line":111,"column":3}},"line":109},"17":{"name":"(anonymous_17)","decl":{"start":{"line":113,"column":31},"end":{"line":113,"column":32}},"loc":{"start":{"line":114,"column":2},"end":{"line":116,"column":3}},"line":114},"18":{"name":"(anonymous_18)","decl":{"start":{"line":118,"column":15},"end":{"line":118,"column":16}},"loc":{"start":{"line":118,"column":26},"end":{"line":122,"column":1}},"line":118},"19":{"name":"(anonymous_19)","decl":{"start":{"line":123,"column":21},"end":{"line":123,"column":22}},"loc":{"start":{"line":123,"column":42},"end":{"line":128,"column":1}},"line":123}},"branchMap":{"0":{"loc":{"start":{"line":5,"column":2},"end":{"line":5,"column":19}},"type":"default-arg","locations":[{"start":{"line":5,"column":14},"end":{"line":5,"column":19}}],"line":5},"1":{"loc":{"start":{"line":6,"column":2},"end":{"line":6,"column":27}},"type":"default-arg","locations":[{"start":{"line":6,"column":19},"end":{"line":6,"column":27}}],"line":6},"2":{"loc":{"start":{"line":7,"column":2},"end":{"line":7,"column":23}},"type":"default-arg","locations":[{"start":{"line":7,"column":15},"end":{"line":7,"column":23}}],"line":7},"3":{"loc":{"start":{"line":8,"column":2},"end":{"line":8,"column":25}},"type":"default-arg","locations":[{"start":{"line":8,"column":17},"end":{"line":8,"column":25}}],"line":8},"4":{"loc":{"start":{"line":9,"column":2},"end":{"line":9,"column":15}},"type":"default-arg","locations":[{"start":{"line":9,"column":14},"end":{"line":9,"column":15}}],"line":9},"5":{"loc":{"start":{"line":10,"column":2},"end":{"line":10,"column":14}},"type":"default-arg","locations":[{"start":{"line":10,"column":13},"end":{"line":10,"column":14}}],"line":10},"6":{"loc":{"start":{"line":11,"column":2},"end":{"line":11,"column":16}},"type":"default-arg","locations":[{"start":{"line":11,"column":15},"end":{"line":11,"column":16}}],"line":11},"7":{"loc":{"start":{"line":13,"column":4},"end":{"line":13,"column":42}},"type":"cond-expr","locations":[{"start":{"line":13,"column":26},"end":{"line":13,"column":31}},{"start":{"line":13,"column":34},"end":{"line":13,"column":42}}],"line":13},"8":{"loc":{"start":{"line":42,"column":16},"end":{"line":42,"column":26}},"type":"default-arg","locations":[{"start":{"line":42,"column":25},"end":{"line":42,"column":26}}],"line":42},"9":{"loc":{"start":{"line":46,"column":13},"end":{"line":46,"column":26}},"type":"default-arg","locations":[{"start":{"line":46,"column":25},"end":{"line":46,"column":26}}],"line":46},"10":{"loc":{"start":{"line":51,"column":16},"end":{"line":51,"column":32}},"type":"default-arg","locations":[{"start":{"line":51,"column":31},"end":{"line":51,"column":32}}],"line":51},"11":{"loc":{"start":{"line":56,"column":14},"end":{"line":56,"column":28}},"type":"default-arg","locations":[{"start":{"line":56,"column":27},"end":{"line":56,"column":28}}],"line":56},"12":{"loc":{"start":{"line":61,"column":15},"end":{"line":61,"column":30}},"type":"default-arg","locations":[{"start":{"line":61,"column":29},"end":{"line":61,"column":30}}],"line":61},"13":{"loc":{"start":{"line":66,"column":18},"end":{"line":66,"column":36}},"type":"default-arg","locations":[{"start":{"line":66,"column":35},"end":{"line":66,"column":36}}],"line":66},"14":{"loc":{"start":{"line":71,"column":20},"end":{"line":71,"column":40}},"type":"default-arg","locations":[{"start":{"line":71,"column":39},"end":{"line":71,"column":40}}],"line":71},"15":{"loc":{"start":{"line":76,"column":28},"end":{"line":76,"column":44}},"type":"default-arg","locations":[{"start":{"line":76,"column":43},"end":{"line":76,"column":44}}],"line":76},"16":{"loc":{"start":{"line":81,"column":25},"end":{"line":81,"column":38}},"type":"default-arg","locations":[{"start":{"line":81,"column":37},"end":{"line":81,"column":38}}],"line":81},"17":{"loc":{"start":{"line":88,"column":33},"end":{"line":88,"column":72}},"type":"cond-expr","locations":[{"start":{"line":88,"column":62},"end":{"line":88,"column":65}},{"start":{"line":88,"column":68},"end":{"line":88,"column":72}}],"line":88},"18":{"loc":{"start":{"line":92,"column":2},"end":{"line":92,"column":11}},"type":"default-arg","locations":[{"start":{"line":92,"column":10},"end":{"line":92,"column":11}}],"line":92},"19":{"loc":{"start":{"line":93,"column":2},"end":{"line":93,"column":16}},"type":"default-arg","locations":[{"start":{"line":93,"column":9},"end":{"line":93,"column":16}}],"line":93},"20":{"loc":{"start":{"line":94,"column":2},"end":{"line":94,"column":16}},"type":"default-arg","locations":[{"start":{"line":94,"column":10},"end":{"line":94,"column":16}}],"line":94},"21":{"loc":{"start":{"line":95,"column":2},"end":{"line":95,"column":12}},"type":"default-arg","locations":[{"start":{"line":95,"column":11},"end":{"line":95,"column":12}}],"line":95},"22":{"loc":{"start":{"line":103,"column":2},"end":{"line":103,"column":13}},"type":"default-arg","locations":[{"start":{"line":103,"column":12},"end":{"line":103,"column":13}}],"line":103},"23":{"loc":{"start":{"line":104,"column":2},"end":{"line":104,"column":13}},"type":"default-arg","locations":[{"start":{"line":104,"column":12},"end":{"line":104,"column":13}}],"line":104},"24":{"loc":{"start":{"line":105,"column":2},"end":{"line":105,"column":10}},"type":"default-arg","locations":[{"start":{"line":105,"column":9},"end":{"line":105,"column":10}}],"line":105},"25":{"loc":{"start":{"line":106,"column":2},"end":{"line":106,"column":12}},"type":"default-arg","locations":[{"start":{"line":106,"column":11},"end":{"line":106,"column":12}}],"line":106},"26":{"loc":{"start":{"line":107,"column":2},"end":{"line":107,"column":16}},"type":"default-arg","locations":[{"start":{"line":107,"column":10},"end":{"line":107,"column":16}}],"line":107},"27":{"loc":{"start":{"line":118,"column":16},"end":{"line":118,"column":21}},"type":"default-arg","locations":[{"start":{"line":118,"column":20},"end":{"line":118,"column":21}}],"line":118},"28":{"loc":{"start":{"line":123,"column":22},"end":{"line":123,"column":37}},"type":"default-arg","locations":[{"start":{"line":123,"column":30},"end":{"line":123,"column":37}}],"line":123}},"s":{"0":6,"1":0,"2":6,"3":0,"4":6,"5":0,"6":6,"7":0,"8":6,"9":0,"10":6,"11":0,"12":6,"13":0,"14":6,"15":0,"16":6,"17":0,"18":6,"19":0,"20":6,"21":0,"22":6,"23":0,"24":6,"25":0,"26":6,"27":0,"28":6,"29":0,"30":6,"31":0,"32":6,"33":0,"34":6,"35":0,"36":6,"37":0,"38":6,"39":0},"f":{"0":0,"1":0,"2":0,"3":0,"4":0,"5":0,"6":0,"7":0,"8":0,"9":0,"10":0,"11":0,"12":0,"13":0,"14":0,"15":0,"16":0,"17":0,"18":0,"19":0},"b":{"0":[0],"1":[0],"2":[0],"3":[0],"4":[0],"5":[0],"6":[0],"7":[0,0],"8":[0],"9":[0],"10":[0],"11":[0],"12":[0],"13":[0],"14":[0],"15":[0],"16":[0],"17":[0,0],"18":[0],"19":[0],"20":[0],"21":[0],"22":[0],"23":[0],"24":[0],"25":[0],"26":[0],"27":[0],"28":[0]},"_coverageSchema":"43e27e138ebf9cfc5966b082cf9a028302ed4184","hash":"b4298a8864234ba15bdb06195b55f297f21f6fc5"}
,"/Users/niteshkumar/Desktop/Test/react-template/app/utils/checkStore.js": {"path":"/Users/niteshkumar/Desktop/Test/react-template/app/utils/checkStore.js","statementMap":{"0":{"start":{"line":8,"column":16},"end":{"line":16,"column":3}},"1":{"start":{"line":17,"column":2},"end":{"line":20,"column":4}}},"fnMap":{"0":{"name":"checkStore","decl":{"start":{"line":7,"column":24},"end":{"line":7,"column":34}},"loc":{"start":{"line":7,"column":42},"end":{"line":21,"column":1}},"line":7}},"branchMap":{},"s":{"0":16,"1":16},"f":{"0":16},"b":{},"_coverageSchema":"43e27e138ebf9cfc5966b082cf9a028302ed4184","hash":"e8f870c2f5e7df8d6610f7a3b4c31e9e3d15b18c"}
,"/Users/niteshkumar/Desktop/Test/react-template/app/utils/constants.js": {"path":"/Users/niteshkumar/Desktop/Test/react-template/app/utils/constants.js","statementMap":{"0":{"start":{"line":1,"column":34},"end":{"line":1,"column":70}},"1":{"start":{"line":2,"column":22},"end":{"line":2,"column":46}},"2":{"start":{"line":3,"column":33},"end":{"line":3,"column":68}}},"fnMap":{},"branchMap":{},"s":{"0":4,"1":4,"2":4},"f":{},"b":{},"_coverageSchema":"43e27e138ebf9cfc5966b082cf9a028302ed4184","hash":"165692bb80415c50a86601b9af884f2c229e1f2e"}
,"/Users/niteshkumar/Desktop/Test/react-template/app/utils/history.js": {"path":"/Users/niteshkumar/Desktop/Test/react-template/app/utils/history.js","statementMap":{"0":{"start":{"line":2,"column":16},"end":{"line":2,"column":38}}},"fnMap":{},"branchMap":{},"s":{"0":13},"f":{},"b":{},"_coverageSchema":"43e27e138ebf9cfc5966b082cf9a028302ed4184","hash":"c62a8b50bd6ed7c851e440caca2e433b81fcb37e"}
,"/Users/niteshkumar/Desktop/Test/react-template/app/utils/index.js": {"path":"/Users/niteshkumar/Desktop/Test/react-template/app/utils/index.js","statementMap":{"0":{"start":{"line":13,"column":38},"end":{"line":27,"column":1}},"1":{"start":{"line":14,"column":2},"end":{"line":16,"column":3}},"2":{"start":{"line":15,"column":4},"end":{"line":15,"column":16}},"3":{"start":{"line":17,"column":16},"end":{"line":22,"column":3}},"4":{"start":{"line":20,"column":6},"end":{"line":21,"column":56}},"5":{"start":{"line":23,"column":2},"end":{"line":25,"column":3}},"6":{"start":{"line":24,"column":4},"end":{"line":24,"column":30}},"7":{"start":{"line":26,"column":2},"end":{"line":26,"column":14}}},"fnMap":{"0":{"name":"(anonymous_0)","decl":{"start":{"line":13,"column":38},"end":{"line":13,"column":39}},"loc":{"start":{"line":13,"column":50},"end":{"line":27,"column":1}},"line":13},"1":{"name":"(anonymous_1)","decl":{"start":{"line":19,"column":4},"end":{"line":19,"column":5}},"loc":{"start":{"line":20,"column":6},"end":{"line":21,"column":56}},"line":20}},"branchMap":{"0":{"loc":{"start":{"line":14,"column":2},"end":{"line":16,"column":3}},"type":"if","locations":[{"start":{"line":14,"column":2},"end":{"line":16,"column":3}},{"start":{"line":14,"column":2},"end":{"line":16,"column":3}}],"line":14},"1":{"loc":{"start":{"line":20,"column":6},"end":{"line":21,"column":56}},"type":"binary-expr","locations":[{"start":{"line":20,"column":6},"end":{"line":20,"column":50}},{"start":{"line":21,"column":6},"end":{"line":21,"column":56}}],"line":20},"2":{"loc":{"start":{"line":23,"column":2},"end":{"line":25,"column":3}},"type":"if","locations":[{"start":{"line":23,"column":2},"end":{"line":25,"column":3}},{"start":{"line":23,"column":2},"end":{"line":25,"column":3}}],"line":23}},"s":{"0":0,"1":0,"2":0,"3":0,"4":0,"5":0,"6":0,"7":0},"f":{"0":0,"1":0},"b":{"0":[0,0],"1":[0,0],"2":[0,0]}}
,"/Users/niteshkumar/Desktop/Test/react-template/app/utils/injectSaga.js": {"path":"/Users/niteshkumar/Desktop/Test/react-template/app/utils/injectSaga.js","statementMap":{"0":{"start":{"line":19,"column":40},"end":{"line":47,"column":1}},"1":{"start":{"line":30,"column":6},"end":{"line":30,"column":28}},"2":{"start":{"line":32,"column":6},"end":{"line":32,"column":51}},"3":{"start":{"line":34,"column":6},"end":{"line":34,"column":65}},"4":{"start":{"line":38,"column":6},"end":{"line":38,"column":36}},"5":{"start":{"line":42,"column":6},"end":{"line":42,"column":50}},"6":{"start":{"line":46,"column":2},"end":{"line":46,"column":60}},"7":{"start":{"line":49,"column":22},"end":{"line":58,"column":1}},"8":{"start":{"line":50,"column":18},"end":{"line":50,"column":53}},"9":{"start":{"line":51,"column":2},"end":{"line":57,"column":9}},"10":{"start":{"line":52,"column":22},"end":{"line":52,"column":49}},"11":{"start":{"line":53,"column":4},"end":{"line":53,"column":46}},"12":{"start":{"line":54,"column":4},"end":{"line":56,"column":6}},"13":{"start":{"line":55,"column":6},"end":{"line":55,"column":31}}},"fnMap":{"0":{"name":"(anonymous_0)","decl":{"start":{"line":19,"column":15},"end":{"line":19,"column":16}},"loc":{"start":{"line":19,"column":40},"end":{"line":47,"column":1}},"line":19},"1":{"name":"(anonymous_1)","decl":{"start":{"line":19,"column":40},"end":{"line":19,"column":41}},"loc":{"start":{"line":19,"column":60},"end":{"line":47,"column":1}},"line":19},"2":{"name":"(anonymous_2)","decl":{"start":{"line":29,"column":4},"end":{"line":29,"column":5}},"loc":{"start":{"line":29,"column":32},"end":{"line":35,"column":5}},"line":29},"3":{"name":"(anonymous_3)","decl":{"start":{"line":37,"column":4},"end":{"line":37,"column":5}},"loc":{"start":{"line":37,"column":27},"end":{"line":39,"column":5}},"line":37},"4":{"name":"(anonymous_4)","decl":{"start":{"line":41,"column":4},"end":{"line":41,"column":5}},"loc":{"start":{"line":41,"column":13},"end":{"line":43,"column":5}},"line":41},"5":{"name":"(anonymous_5)","decl":{"start":{"line":49,"column":22},"end":{"line":49,"column":23}},"loc":{"start":{"line":49,"column":47},"end":{"line":58,"column":1}},"line":49},"6":{"name":"(anonymous_6)","decl":{"start":{"line":51,"column":18},"end":{"line":51,"column":19}},"loc":{"start":{"line":51,"column":24},"end":{"line":57,"column":3}},"line":51},"7":{"name":"(anonymous_7)","decl":{"start":{"line":54,"column":11},"end":{"line":54,"column":12}},"loc":{"start":{"line":54,"column":17},"end":{"line":56,"column":5}},"line":54}},"branchMap":{"0":{"loc":{"start":{"line":25,"column":37},"end":{"line":27,"column":17}},"type":"binary-expr","locations":[{"start":{"line":25,"column":37},"end":{"line":25,"column":65}},{"start":{"line":26,"column":6},"end":{"line":26,"column":27}},{"start":{"line":27,"column":6},"end":{"line":27,"column":17}}],"line":25}},"s":{"0":5,"1":3,"2":3,"3":3,"4":1,"5":3,"6":5,"7":3,"8":11,"9":11,"10":7,"11":7,"12":7,"13":7},"f":{"0":5,"1":5,"2":3,"3":1,"4":3,"5":11,"6":7,"7":7},"b":{"0":[5,5,1]},"_coverageSchema":"43e27e138ebf9cfc5966b082cf9a028302ed4184","hash":"8d31dba933b0c975763dc73699a8a853e332e9e1"}
,"/Users/niteshkumar/Desktop/Test/react-template/app/utils/sagaInjectors.js": {"path":"/Users/niteshkumar/Desktop/Test/react-template/app/utils/sagaInjectors.js","statementMap":{"0":{"start":{"line":7,"column":21},"end":{"line":7,"column":68}},"1":{"start":{"line":9,"column":17},"end":{"line":13,"column":3}},"2":{"start":{"line":10,"column":2},"end":{"line":13,"column":3}},"3":{"start":{"line":15,"column":24},"end":{"line":24,"column":1}},"4":{"start":{"line":16,"column":16},"end":{"line":19,"column":3}},"5":{"start":{"line":18,"column":18},"end":{"line":18,"column":63}},"6":{"start":{"line":20,"column":2},"end":{"line":23,"column":4}},"7":{"start":{"line":27,"column":2},"end":{"line":63,"column":4}},"8":{"start":{"line":28,"column":4},"end":{"line":30,"column":5}},"9":{"start":{"line":29,"column":6},"end":{"line":29,"column":24}},"10":{"start":{"line":32,"column":26},"end":{"line":35,"column":5}},"11":{"start":{"line":36,"column":27},"end":{"line":36,"column":40}},"12":{"start":{"line":38,"column":4},"end":{"line":38,"column":18}},"13":{"start":{"line":39,"column":4},"end":{"line":39,"column":35}},"14":{"start":{"line":41,"column":18},"end":{"line":41,"column":55}},"15":{"start":{"line":43,"column":4},"end":{"line":50,"column":5}},"16":{"start":{"line":44,"column":28},"end":{"line":44,"column":52}},"17":{"start":{"line":46,"column":6},"end":{"line":49,"column":7}},"18":{"start":{"line":47,"column":8},"end":{"line":47,"column":36}},"19":{"start":{"line":48,"column":8},"end":{"line":48,"column":24}},"20":{"start":{"line":52,"column":4},"end":{"line":62,"column":5}},"21":{"start":{"line":57,"column":6},"end":{"line":60,"column":8}},"22":{"start":{"line":67,"column":2},"end":{"line":85,"column":4}},"23":{"start":{"line":68,"column":4},"end":{"line":70,"column":5}},"24":{"start":{"line":69,"column":6},"end":{"line":69,"column":24}},"25":{"start":{"line":72,"column":4},"end":{"line":72,"column":18}},"26":{"start":{"line":74,"column":4},"end":{"line":84,"column":5}},"27":{"start":{"line":75,"column":25},"end":{"line":75,"column":49}},"28":{"start":{"line":76,"column":6},"end":{"line":83,"column":7}},"29":{"start":{"line":77,"column":8},"end":{"line":77,"column":33}},"30":{"start":{"line":79,"column":8},"end":{"line":82,"column":9}},"31":{"start":{"line":81,"column":10},"end":{"line":81,"column":44}},"32":{"start":{"line":89,"column":2},"end":{"line":89,"column":20}},"33":{"start":{"line":90,"column":2},"end":{"line":93,"column":4}}},"fnMap":{"0":{"name":"(anonymous_0)","decl":{"start":{"line":9,"column":17},"end":{"line":9,"column":18}},"loc":{"start":{"line":10,"column":2},"end":{"line":13,"column":3}},"line":10},"1":{"name":"(anonymous_1)","decl":{"start":{"line":15,"column":24},"end":{"line":15,"column":25}},"loc":{"start":{"line":15,"column":38},"end":{"line":24,"column":1}},"line":15},"2":{"name":"(anonymous_2)","decl":{"start":{"line":18,"column":10},"end":{"line":18,"column":11}},"loc":{"start":{"line":18,"column":18},"end":{"line":18,"column":63}},"line":18},"3":{"name":"injectSagaFactory","decl":{"start":{"line":26,"column":16},"end":{"line":26,"column":33}},"loc":{"start":{"line":26,"column":50},"end":{"line":64,"column":1}},"line":26},"4":{"name":"injectSaga","decl":{"start":{"line":27,"column":18},"end":{"line":27,"column":28}},"loc":{"start":{"line":27,"column":57},"end":{"line":63,"column":3}},"line":27},"5":{"name":"ejectSagaFactory","decl":{"start":{"line":66,"column":16},"end":{"line":66,"column":32}},"loc":{"start":{"line":66,"column":49},"end":{"line":86,"column":1}},"line":66},"6":{"name":"ejectSaga","decl":{"start":{"line":67,"column":18},"end":{"line":67,"column":27}},"loc":{"start":{"line":67,"column":33},"end":{"line":85,"column":3}},"line":67},"7":{"name":"getInjectors","decl":{"start":{"line":88,"column":24},"end":{"line":88,"column":36}},"loc":{"start":{"line":88,"column":44},"end":{"line":94,"column":1}},"line":88}},"branchMap":{"0":{"loc":{"start":{"line":11,"column":4},"end":{"line":11,"column":34}},"type":"binary-expr","locations":[{"start":{"line":11,"column":4},"end":{"line":11,"column":17}},{"start":{"line":11,"column":21},"end":{"line":11,"column":34}}],"line":11},"1":{"loc":{"start":{"line":18,"column":18},"end":{"line":18,"column":63}},"type":"binary-expr","locations":[{"start":{"line":18,"column":18},"end":{"line":18,"column":32}},{"start":{"line":18,"column":36},"end":{"line":18,"column":63}}],"line":18},"2":{"loc":{"start":{"line":27,"column":34},"end":{"line":27,"column":49}},"type":"default-arg","locations":[{"start":{"line":27,"column":47},"end":{"line":27,"column":49}}],"line":27},"3":{"loc":{"start":{"line":28,"column":4},"end":{"line":30,"column":5}},"type":"if","locations":[{"start":{"line":28,"column":4},"end":{"line":30,"column":5}},{"start":{"line":28,"column":4},"end":{"line":30,"column":5}}],"line":28},"4":{"loc":{"start":{"line":34,"column":12},"end":{"line":34,"column":37}},"type":"binary-expr","locations":[{"start":{"line":34,"column":12},"end":{"line":34,"column":27}},{"start":{"line":34,"column":31},"end":{"line":34,"column":37}}],"line":34},"5":{"loc":{"start":{"line":43,"column":4},"end":{"line":50,"column":5}},"type":"if","locations":[{"start":{"line":43,"column":4},"end":{"line":50,"column":5}},{"start":{"line":43,"column":4},"end":{"line":50,"column":5}}],"line":43},"6":{"loc":{"start":{"line":46,"column":6},"end":{"line":49,"column":7}},"type":"if","locations":[{"start":{"line":46,"column":6},"end":{"line":49,"column":7}},{"start":{"line":46,"column":6},"end":{"line":49,"column":7}}],"line":46},"7":{"loc":{"start":{"line":46,"column":10},"end":{"line":46,"column":48}},"type":"binary-expr","locations":[{"start":{"line":46,"column":10},"end":{"line":46,"column":17}},{"start":{"line":46,"column":21},"end":{"line":46,"column":48}}],"line":46},"8":{"loc":{"start":{"line":52,"column":4},"end":{"line":62,"column":5}},"type":"if","locations":[{"start":{"line":52,"column":4},"end":{"line":62,"column":5}},{"start":{"line":52,"column":4},"end":{"line":62,"column":5}}],"line":52},"9":{"loc":{"start":{"line":53,"column":6},"end":{"line":54,"column":64}},"type":"binary-expr","locations":[{"start":{"line":53,"column":6},"end":{"line":53,"column":14}},{"start":{"line":54,"column":7},"end":{"line":54,"column":14}},{"start":{"line":54,"column":18},"end":{"line":54,"column":33}},{"start":{"line":54,"column":37},"end":{"line":54,"column":63}}],"line":53},"10":{"loc":{"start":{"line":68,"column":4},"end":{"line":70,"column":5}},"type":"if","locations":[{"start":{"line":68,"column":4},"end":{"line":70,"column":5}},{"start":{"line":68,"column":4},"end":{"line":70,"column":5}}],"line":68},"11":{"loc":{"start":{"line":74,"column":4},"end":{"line":84,"column":5}},"type":"if","locations":[{"start":{"line":74,"column":4},"end":{"line":84,"column":5}},{"start":{"line":74,"column":4},"end":{"line":84,"column":5}}],"line":74},"12":{"loc":{"start":{"line":76,"column":6},"end":{"line":83,"column":7}},"type":"if","locations":[{"start":{"line":76,"column":6},"end":{"line":83,"column":7}},{"start":{"line":76,"column":6},"end":{"line":83,"column":7}}],"line":76},"13":{"loc":{"start":{"line":76,"column":10},"end":{"line":76,"column":55}},"type":"binary-expr","locations":[{"start":{"line":76,"column":10},"end":{"line":76,"column":25}},{"start":{"line":76,"column":29},"end":{"line":76,"column":55}}],"line":76},"14":{"loc":{"start":{"line":79,"column":8},"end":{"line":82,"column":9}},"type":"if","locations":[{"start":{"line":79,"column":8},"end":{"line":82,"column":9}},{"start":{"line":79,"column":8},"end":{"line":82,"column":9}}],"line":79}},"s":{"0":4,"1":4,"2":48,"3":4,"4":30,"5":30,"6":30,"7":27,"8":33,"9":1,"10":32,"11":32,"12":32,"13":30,"14":26,"15":26,"16":22,"17":22,"18":1,"19":1,"20":26,"21":21,"22":27,"23":17,"24":1,"25":16,"26":14,"27":13,"28":13,"29":3,"30":3,"31":2,"32":8,"33":7},"f":{"0":48,"1":30,"2":30,"3":27,"4":33,"5":27,"6":17,"7":8},"b":{"0":[48,46],"1":[30,29],"2":[1],"3":[1,32],"4":[32,16],"5":[22,4],"6":[1,21],"7":[22,5],"8":[21,5],"9":[26,5,5,2],"10":[1,16],"11":[13,1],"12":[3,10],"13":[13,13],"14":[2,1]},"_coverageSchema":"43e27e138ebf9cfc5966b082cf9a028302ed4184","hash":"e420872d0cb31da9df93c06559a875687ce660a0"}
}
