TN:
SF:/Users/niteshkumar/Desktop/Test/react-template/app/configureStore.js
FN:23,configureStore
FNF:1
FNH:1
FNDA:35,configureStore
DA:14,13
DA:21,13
DA:24,35
DA:25,35
DA:44,35
DA:49,35
DA:51,35
DA:53,35
DA:59,35
DA:62,35
DA:63,35
DA:64,35
DA:74,35
LF:13
LH:13
BRDA:23,0,0,1
BRF:1
BRH:1
end_of_record
TN:
SF:/Users/niteshkumar/Desktop/Test/react-template/app/i18n.js
FN:23,(anonymous_0)
FN:28,(anonymous_1)
FNF:2
FNH:2
FNDA:19,(anonymous_0)
FNDA:217,(anonymous_1)
DA:14,16
DA:16,16
DA:19,16
DA:23,16
DA:25,19
DA:28,19
DA:30,217
DA:33,217
DA:35,19
DA:38,16
LF:10
LH:10
BRDA:25,0,0,1
BRDA:25,0,1,18
BRDA:30,1,0,1
BRDA:30,1,1,216
BRDA:30,2,0,217
BRDA:30,2,1,1
BRF:6
BRH:6
end_of_record
TN:
SF:/Users/niteshkumar/Desktop/Test/react-template/app/reducers.js
FN:16,createReducer
FNF:1
FNH:1
FNDA:13,createReducer
DA:17,13
DA:24,13
LF:2
LH:2
BRF:0
BRH:0
end_of_record
TN:
SF:/Users/niteshkumar/Desktop/Test/react-template/app/routeConfig.js
FNF:0
FNH:0
DA:5,1
LF:1
LH:1
BRF:0
BRH:0
end_of_record
TN:
SF:/Users/niteshkumar/Desktop/Test/react-template/app/components/Clickable/index.js
FN:18,Clickable
FNF:1
FNH:1
FNDA:9,Clickable
DA:12,3
DA:19,9
DA:26,3
LF:3
LH:3
BRDA:21,0,0,9
BRDA:21,0,1,7
BRF:2
BRH:2
end_of_record
TN:
SF:/Users/niteshkumar/Desktop/Test/react-template/app/components/For/index.js
FN:13,(anonymous_0)
FN:16,For
FN:18,(anonymous_2)
FN:23,(anonymous_3)
FN:24,(anonymous_4)
FN:25,(anonymous_5)
FNF:6
FNH:6
FNDA:1,(anonymous_0)
FNDA:5,For
FNDA:1,(anonymous_2)
FNDA:3,(anonymous_3)
FNDA:6,(anonymous_4)
FNDA:2,(anonymous_5)
DA:11,2
DA:13,1
DA:18,1
DA:23,5
DA:24,6
DA:25,5
DA:26,2
DA:30,5
DA:31,2
DA:33,3
DA:36,2
DA:44,2
LF:12
LH:12
BRDA:13,0,0,1
BRDA:13,0,1,0
BRDA:18,1,0,1
BRDA:30,2,0,2
BRDA:30,2,1,3
BRDA:31,3,0,1
BRDA:31,3,1,1
BRDA:31,4,0,2
BRDA:31,4,1,1
BRDA:33,5,0,2
BRDA:33,5,1,1
BRDA:33,6,0,3
BRDA:33,6,1,1
BRF:13
BRH:12
end_of_record
TN:
SF:/Users/niteshkumar/Desktop/Test/react-template/app/components/Header/index.js
FN:38,Header
FNF:1
FNH:1
FNDA:2,Header
DA:14,2
DA:25,2
DA:30,2
DA:39,2
LF:4
LH:4
BRF:0
BRH:0
end_of_record
TN:
SF:/Users/niteshkumar/Desktop/Test/react-template/app/components/If/index.js
FN:4,(anonymous_0)
FNF:1
FNH:1
FNDA:23,(anonymous_0)
DA:4,23
DA:5,6
DA:16,6
LF:3
LH:3
BRDA:4,0,0,21
BRDA:4,0,1,2
BRF:2
BRH:2
end_of_record
TN:
SF:/Users/niteshkumar/Desktop/Test/react-template/app/components/IntlGlobalProvider/index.js
FN:8,IntlGlobalProvider
FN:14,appIntl
FN:18,(anonymous_2)
FNF:3
FNH:1
FNDA:8,IntlGlobalProvider
FNDA:0,appIntl
FNDA:0,(anonymous_2)
DA:9,8
DA:10,8
DA:15,0
DA:18,10
DA:19,0
LF:5
LH:3
BRDA:18,0,0,0
BRF:1
BRH:0
end_of_record
TN:
SF:/Users/niteshkumar/Desktop/Test/react-template/app/components/T/index.js
FN:16,(anonymous_0)
FN:17,(anonymous_1)
FN:20,(anonymous_2)
FN:20,(anonymous_3)
FN:21,(anonymous_4)
FNF:5
FNH:5
FNDA:23,(anonymous_0)
FNDA:23,(anonymous_1)
FNDA:24,(anonymous_2)
FNDA:1,(anonymous_3)
FNDA:24,(anonymous_4)
DA:14,6
DA:16,23
DA:17,23
DA:20,24
DA:21,6
DA:22,24
DA:34,6
DA:42,6
DA:47,6
LF:9
LH:9
BRDA:16,0,0,23
BRDA:16,0,1,7
BRDA:20,1,0,22
BRDA:20,1,1,2
BRF:4
BRH:4
end_of_record
TN:
SF:/Users/niteshkumar/Desktop/Test/react-template/app/containers/App/index.js
FN:29,App
FN:35,(anonymous_1)
FN:37,(anonymous_2)
FN:45,(anonymous_3)
FNF:4
FNH:0
FNDA:0,App
FNDA:0,(anonymous_1)
FNDA:0,(anonymous_2)
FNDA:0,(anonymous_3)
DA:24,1
DA:30,0
DA:35,0
DA:38,0
DA:39,0
DA:40,0
DA:46,0
DA:50,0
DA:61,1
LF:9
LH:2
BRF:0
BRH:0
end_of_record
TN:
SF:/Users/niteshkumar/Desktop/Test/react-template/app/containers/App/selectors.js
FN:3,(anonymous_0)
FN:5,(anonymous_1)
FN:8,(anonymous_2)
FNF:3
FNH:3
FNDA:1,(anonymous_0)
FNDA:1,(anonymous_1)
FNDA:1,(anonymous_2)
DA:3,1
DA:5,1
DA:6,1
DA:8,1
LF:4
LH:4
BRF:0
BRH:0
end_of_record
TN:
SF:/Users/niteshkumar/Desktop/Test/react-template/app/containers/HomeContainer/index.js
FN:30,(anonymous_0)
FN:31,(anonymous_1)
FN:32,(anonymous_2)
FN:39,(anonymous_3)
FN:42,(anonymous_4)
FN:49,HomeContainer
FN:62,(anonymous_6)
FN:73,(anonymous_7)
FN:83,(anonymous_8)
FN:100,(anonymous_9)
FN:112,(anonymous_10)
FN:131,(anonymous_11)
FN:149,(anonymous_12)
FN:150,(anonymous_13)
FN:187,mapDispatchToProps
FN:190,(anonymous_15)
FN:191,(anonymous_16)
FNF:17
FNH:11
FNDA:10,(anonymous_0)
FNDA:10,(anonymous_1)
FNDA:10,(anonymous_2)
FNDA:5,(anonymous_3)
FNDA:5,(anonymous_4)
FNDA:5,HomeContainer
FNDA:5,(anonymous_6)
FNDA:3,(anonymous_7)
FNDA:5,(anonymous_8)
FNDA:0,(anonymous_9)
FNDA:5,(anonymous_10)
FNDA:0,(anonymous_11)
FNDA:3,(anonymous_12)
FNDA:0,(anonymous_13)
FNDA:0,mapDispatchToProps
FNDA:0,(anonymous_15)
FNDA:0,(anonymous_16)
DA:25,1
DA:27,1
DA:30,10
DA:31,10
DA:32,10
DA:35,1
DA:39,5
DA:42,5
DA:45,1
DA:59,5
DA:60,5
DA:62,5
DA:65,5
DA:66,5
DA:67,0
DA:71,5
DA:73,5
DA:74,3
DA:75,2
DA:76,2
DA:78,1
DA:81,5
DA:83,5
DA:84,5
DA:85,5
DA:86,5
DA:101,0
DA:112,5
DA:114,5
DA:115,0
DA:116,5
DA:117,5
DA:119,5
DA:131,5
DA:132,0
DA:133,0
DA:135,5
DA:149,3
DA:150,0
DA:159,1
DA:175,1
DA:180,1
DA:188,0
DA:189,0
DA:190,0
DA:191,0
DA:195,1
DA:206,1
LF:48
LH:38
BRDA:32,0,0,10
BRDA:32,0,1,3
BRDA:53,1,0,5
BRDA:54,2,0,5
BRDA:65,3,0,5
BRDA:65,3,1,5
BRDA:66,4,0,0
BRDA:66,4,1,5
BRDA:66,5,0,5
BRDA:66,5,1,2
BRDA:74,6,0,2
BRDA:74,6,1,1
BRDA:87,7,0,5
BRDA:87,7,1,5
BRDA:87,7,2,2
BRDA:90,8,0,2
BRDA:90,8,1,0
BRDA:95,9,0,2
BRDA:95,9,1,0
BRDA:114,10,0,0
BRDA:114,10,1,5
BRDA:116,11,0,5
BRDA:116,11,1,0
BRDA:120,12,0,5
BRDA:120,12,1,3
BRDA:120,12,2,3
BRDA:123,13,0,0
BRDA:123,13,1,3
BRF:28
BRH:22
end_of_record
TN:
SF:/Users/niteshkumar/Desktop/Test/react-template/app/containers/HomeContainer/reducer.js
FN:23,(anonymous_0)
FN:24,(anonymous_1)
FNF:2
FNH:2
FNDA:143,(anonymous_0)
FNDA:143,(anonymous_1)
DA:14,16
DA:20,16
DA:23,16
DA:24,143
DA:25,143
DA:27,1
DA:29,0
DA:31,1
DA:33,1
DA:38,140
LF:10
LH:9
BRDA:23,0,0,62
BRDA:25,1,0,1
BRDA:25,1,1,0
BRDA:25,1,2,1
BRDA:25,1,3,1
BRF:5
BRH:4
end_of_record
TN:
SF:/Users/niteshkumar/Desktop/Test/react-template/app/containers/HomeContainer/saga.js
FN:7,getGithubRepos
FN:17,homeContainerSaga
FNF:2
FNH:2
FNDA:2,getGithubRepos
FNDA:4,homeContainerSaga
DA:5,2
DA:6,2
DA:8,2
DA:9,2
DA:10,2
DA:11,1
DA:13,1
DA:18,4
LF:8
LH:8
BRDA:10,0,0,1
BRDA:10,0,1,1
BRF:2
BRH:2
end_of_record
TN:
SF:/Users/niteshkumar/Desktop/Test/react-template/app/containers/HomeContainer/selectors.js
FN:9,(anonymous_0)
FN:20,(anonymous_1)
FN:23,(anonymous_2)
FN:26,(anonymous_3)
FN:29,(anonymous_4)
FN:32,(anonymous_5)
FN:35,(anonymous_6)
FN:38,(anonymous_7)
FN:41,(anonymous_8)
FNF:9
FNH:9
FNDA:4,(anonymous_0)
FNDA:2,(anonymous_1)
FNDA:1,(anonymous_2)
FNDA:2,(anonymous_3)
FNDA:1,(anonymous_4)
FNDA:2,(anonymous_5)
FNDA:1,(anonymous_6)
FNDA:2,(anonymous_7)
FNDA:1,(anonymous_8)
DA:9,2
DA:10,4
DA:20,2
DA:21,2
DA:23,1
DA:26,2
DA:27,2
DA:29,1
DA:32,2
DA:33,2
DA:35,1
DA:38,2
DA:39,2
DA:41,1
LF:14
LH:14
BRDA:10,0,0,4
BRDA:10,0,1,0
BRF:2
BRH:1
end_of_record
TN:
SF:/Users/niteshkumar/Desktop/Test/react-template/app/containers/ItuneContainer/index.js
FN:30,(anonymous_0)
FN:31,(anonymous_1)
FN:32,(anonymous_2)
FN:39,(anonymous_3)
FN:42,(anonymous_4)
FN:49,ItuneContainer
FN:62,(anonymous_6)
FN:73,(anonymous_7)
FN:83,(anonymous_8)
FN:100,(anonymous_9)
FN:113,(anonymous_10)
FN:132,(anonymous_11)
FN:150,(anonymous_12)
FN:151,(anonymous_13)
FN:187,mapDispatchToProps
FN:190,(anonymous_15)
FN:191,(anonymous_16)
FNF:17
FNH:11
FNDA:10,(anonymous_0)
FNDA:10,(anonymous_1)
FNDA:10,(anonymous_2)
FNDA:5,(anonymous_3)
FNDA:5,(anonymous_4)
FNDA:5,ItuneContainer
FNDA:5,(anonymous_6)
FNDA:3,(anonymous_7)
FNDA:5,(anonymous_8)
FNDA:0,(anonymous_9)
FNDA:5,(anonymous_10)
FNDA:0,(anonymous_11)
FNDA:3,(anonymous_12)
FNDA:0,(anonymous_13)
FNDA:0,mapDispatchToProps
FNDA:0,(anonymous_15)
FNDA:0,(anonymous_16)
DA:25,1
DA:27,1
DA:30,10
DA:31,10
DA:32,10
DA:35,1
DA:39,5
DA:42,5
DA:45,1
DA:59,5
DA:60,5
DA:62,5
DA:65,5
DA:66,5
DA:67,0
DA:71,5
DA:73,5
DA:74,3
DA:75,2
DA:76,2
DA:78,1
DA:81,5
DA:83,5
DA:84,5
DA:85,5
DA:86,5
DA:101,0
DA:113,5
DA:115,5
DA:116,0
DA:117,5
DA:118,5
DA:120,5
DA:132,5
DA:133,0
DA:134,0
DA:136,5
DA:150,3
DA:151,0
DA:160,1
DA:175,1
DA:180,1
DA:188,0
DA:189,0
DA:190,0
DA:191,0
DA:195,1
DA:206,1
LF:48
LH:38
BRDA:32,0,0,10
BRDA:32,0,1,3
BRDA:53,1,0,5
BRDA:54,2,0,5
BRDA:65,3,0,5
BRDA:65,3,1,5
BRDA:66,4,0,0
BRDA:66,4,1,5
BRDA:66,5,0,5
BRDA:66,5,1,2
BRDA:74,6,0,2
BRDA:74,6,1,1
BRDA:87,7,0,5
BRDA:87,7,1,5
BRDA:87,7,2,2
BRDA:90,8,0,2
BRDA:90,8,1,0
BRDA:95,9,0,2
BRDA:95,9,1,0
BRDA:115,10,0,0
BRDA:115,10,1,5
BRDA:117,11,0,5
BRDA:117,11,1,0
BRDA:121,12,0,5
BRDA:121,12,1,3
BRDA:121,12,2,3
BRDA:124,13,0,0
BRDA:124,13,1,3
BRF:28
BRH:22
end_of_record
TN:
SF:/Users/niteshkumar/Desktop/Test/react-template/app/containers/ItuneContainer/reducer.js
FN:23,(anonymous_0)
FN:24,(anonymous_1)
FNF:2
FNH:2
FNDA:143,(anonymous_0)
FNDA:143,(anonymous_1)
DA:14,16
DA:20,16
DA:23,16
DA:24,143
DA:26,143
DA:28,1
DA:30,0
DA:32,1
DA:34,1
DA:39,140
LF:10
LH:9
BRDA:23,0,0,62
BRDA:26,1,0,1
BRDA:26,1,1,0
BRDA:26,1,2,1
BRDA:26,1,3,1
BRF:5
BRH:4
end_of_record
TN:
SF:/Users/niteshkumar/Desktop/Test/react-template/app/containers/ItuneContainer/saga.js
FN:7,getItuneArtist
FN:17,ituneContainerSaga
FNF:2
FNH:2
FNDA:2,getItuneArtist
FNDA:4,ituneContainerSaga
DA:5,2
DA:6,2
DA:8,2
DA:9,2
DA:10,2
DA:11,1
DA:13,1
DA:18,4
LF:8
LH:8
BRDA:10,0,0,1
BRDA:10,0,1,1
BRF:2
BRH:2
end_of_record
TN:
SF:/Users/niteshkumar/Desktop/Test/react-template/app/containers/ItuneContainer/selectors.js
FN:9,(anonymous_0)
FN:20,(anonymous_1)
FN:23,(anonymous_2)
FN:26,(anonymous_3)
FN:29,(anonymous_4)
FN:32,(anonymous_5)
FN:35,(anonymous_6)
FN:38,(anonymous_7)
FN:41,(anonymous_8)
FNF:9
FNH:9
FNDA:4,(anonymous_0)
FNDA:2,(anonymous_1)
FNDA:1,(anonymous_2)
FNDA:2,(anonymous_3)
FNDA:1,(anonymous_4)
FNDA:2,(anonymous_5)
FNDA:1,(anonymous_6)
FNDA:2,(anonymous_7)
FNDA:1,(anonymous_8)
DA:9,2
DA:10,4
DA:20,2
DA:21,2
DA:23,1
DA:26,2
DA:27,2
DA:29,1
DA:32,2
DA:33,2
DA:35,1
DA:38,2
DA:39,2
DA:41,1
LF:14
LH:14
BRDA:10,0,0,4
BRDA:10,0,1,0
BRF:2
BRH:1
end_of_record
TN:
SF:/Users/niteshkumar/Desktop/Test/react-template/app/containers/LanguageProvider/index.js
FN:17,LanguageProvider
FN:39,(anonymous_1)
FN:44,mapDispatchToProps
FNF:3
FNH:3
FNDA:8,LanguageProvider
FNDA:3,(anonymous_1)
FNDA:7,mapDispatchToProps
DA:18,8
DA:31,10
DA:37,10
DA:39,3
DA:45,7
LF:5
LH:5
BRF:0
BRH:0
end_of_record
TN:
SF:/Users/niteshkumar/Desktop/Test/react-template/app/containers/LanguageProvider/reducer.js
FN:23,(anonymous_0)
FN:24,(anonymous_1)
FNF:2
FNH:2
FNDA:141,(anonymous_0)
FNDA:141,(anonymous_1)
DA:14,15
DA:18,15
DA:23,15
DA:24,141
DA:25,141
DA:27,1
DA:29,140
LF:7
LH:7
BRDA:23,0,0,63
BRDA:25,1,0,1
BRDA:25,1,1,140
BRF:3
BRH:3
end_of_record
TN:
SF:/Users/niteshkumar/Desktop/Test/react-template/app/containers/LanguageProvider/selectors.js
FN:7,(anonymous_0)
FN:13,(anonymous_1)
FN:16,(anonymous_2)
FNF:3
FNH:3
FNDA:14,(anonymous_0)
FNDA:10,(anonymous_1)
FNDA:13,(anonymous_2)
DA:7,14
DA:13,11
DA:14,10
DA:16,13
LF:4
LH:4
BRDA:7,0,0,14
BRDA:7,0,1,0
BRF:2
BRH:1
end_of_record
TN:
SF:/Users/niteshkumar/Desktop/Test/react-template/app/containers/NotFoundPage/index.js
FN:13,NotFound
FNF:1
FNH:1
FNDA:1,NotFound
DA:14,1
LF:1
LH:1
BRF:0
BRH:0
end_of_record
TN:
SF:/Users/niteshkumar/Desktop/Test/react-template/app/containers/NotFoundPage/messages.js
FNF:0
FNH:0
DA:8,1
LF:1
LH:1
BRF:0
BRH:0
end_of_record
TN:
SF:/Users/niteshkumar/Desktop/Test/react-template/app/services/ituneApi.js
FN:4,(anonymous_0)
FNF:1
FNH:0
FNDA:0,(anonymous_0)
DA:2,2
DA:4,2
DA:5,0
LF:3
LH:2
BRF:0
BRH:0
end_of_record
TN:
SF:/Users/niteshkumar/Desktop/Test/react-template/app/services/repoApi.js
FN:4,(anonymous_0)
FNF:1
FNH:1
FNDA:1,(anonymous_0)
DA:2,3
DA:4,3
DA:5,1
LF:3
LH:3
BRF:0
BRH:0
end_of_record
TN:
SF:/Users/niteshkumar/Desktop/Test/react-template/app/themes/colors.js
FNF:0
FNH:0
DA:8,7
DA:9,7
DA:10,7
DA:11,7
DA:12,7
DA:14,7
DA:33,7
LF:7
LH:7
BRF:0
BRH:0
end_of_record
TN:
SF:/Users/niteshkumar/Desktop/Test/react-template/app/themes/fonts.js
FN:5,(anonymous_0)
FN:27,(anonymous_1)
FN:31,(anonymous_2)
FN:34,(anonymous_3)
FN:37,(anonymous_4)
FN:40,(anonymous_5)
FN:43,(anonymous_6)
FN:48,(anonymous_7)
FN:51,(anonymous_8)
FN:55,(anonymous_9)
FN:60,(anonymous_10)
FN:65,(anonymous_11)
FN:70,(anonymous_12)
FN:75,(anonymous_13)
FNF:14
FNH:14
FNDA:2,(anonymous_0)
FNDA:23,(anonymous_1)
FNDA:6,(anonymous_2)
FNDA:3,(anonymous_3)
FNDA:3,(anonymous_4)
FNDA:5,(anonymous_5)
FNDA:1,(anonymous_6)
FNDA:1,(anonymous_7)
FNDA:7,(anonymous_8)
FNDA:25,(anonymous_9)
FNDA:4,(anonymous_10)
FNDA:2,(anonymous_11)
FNDA:22,(anonymous_12)
FNDA:2,(anonymous_13)
DA:5,7
DA:27,23
DA:31,7
DA:34,7
DA:37,7
DA:40,7
DA:43,7
DA:48,7
DA:51,7
DA:55,25
DA:60,7
DA:65,7
DA:70,22
DA:75,7
LF:14
LH:14
BRDA:5,0,0,0
BRDA:5,1,0,0
BRF:2
BRH:0
end_of_record
TN:
SF:/Users/niteshkumar/Desktop/Test/react-template/app/themes/media.js
FN:13,(anonymous_0)
FN:15,(anonymous_1)
FN:23,(anonymous_2)
FNF:3
FNH:2
FNDA:21,(anonymous_0)
FNDA:4,(anonymous_1)
FNDA:0,(anonymous_2)
DA:2,7
DA:7,7
DA:14,21
DA:16,4
DA:24,0
DA:32,21
LF:6
LH:5
BRF:0
BRH:0
end_of_record
TN:
SF:/Users/niteshkumar/Desktop/Test/react-template/app/themes/styles.js
FN:4,(anonymous_0)
FN:23,(anonymous_1)
FN:28,(anonymous_2)
FN:34,(anonymous_3)
FN:38,(anonymous_4)
FN:42,(anonymous_5)
FN:46,(anonymous_6)
FN:51,(anonymous_7)
FN:56,(anonymous_8)
FN:61,(anonymous_9)
FN:66,(anonymous_10)
FN:71,(anonymous_11)
FN:76,(anonymous_12)
FN:81,(anonymous_13)
FN:86,(anonymous_14)
FN:91,(anonymous_15)
FN:102,(anonymous_16)
FN:113,(anonymous_17)
FN:118,(anonymous_18)
FN:123,(anonymous_19)
FNF:20
FNH:0
FNDA:0,(anonymous_0)
FNDA:0,(anonymous_1)
FNDA:0,(anonymous_2)
FNDA:0,(anonymous_3)
FNDA:0,(anonymous_4)
FNDA:0,(anonymous_5)
FNDA:0,(anonymous_6)
FNDA:0,(anonymous_7)
FNDA:0,(anonymous_8)
FNDA:0,(anonymous_9)
FNDA:0,(anonymous_10)
FNDA:0,(anonymous_11)
FNDA:0,(anonymous_12)
FNDA:0,(anonymous_13)
FNDA:0,(anonymous_14)
FNDA:0,(anonymous_15)
FNDA:0,(anonymous_16)
FNDA:0,(anonymous_17)
FNDA:0,(anonymous_18)
FNDA:0,(anonymous_19)
DA:4,6
DA:12,0
DA:23,6
DA:28,6
DA:34,6
DA:38,6
DA:42,6
DA:46,6
DA:47,0
DA:51,6
DA:52,0
DA:56,6
DA:57,0
DA:61,6
DA:62,0
DA:66,6
DA:71,6
DA:76,6
DA:81,6
DA:86,6
DA:87,0
DA:91,6
DA:97,0
DA:102,6
DA:109,0
DA:113,6
DA:114,0
DA:118,6
DA:119,0
DA:123,6
LF:30
LH:20
BRDA:5,0,0,0
BRDA:6,1,0,0
BRDA:7,2,0,0
BRDA:8,3,0,0
BRDA:9,4,0,0
BRDA:10,5,0,0
BRDA:11,6,0,0
BRDA:13,7,0,0
BRDA:13,7,1,0
BRDA:42,8,0,0
BRDA:46,9,0,0
BRDA:51,10,0,0
BRDA:56,11,0,0
BRDA:61,12,0,0
BRDA:66,13,0,0
BRDA:71,14,0,0
BRDA:76,15,0,0
BRDA:81,16,0,0
BRDA:88,17,0,0
BRDA:88,17,1,0
BRDA:92,18,0,0
BRDA:93,19,0,0
BRDA:94,20,0,0
BRDA:95,21,0,0
BRDA:103,22,0,0
BRDA:104,23,0,0
BRDA:105,24,0,0
BRDA:106,25,0,0
BRDA:107,26,0,0
BRDA:118,27,0,0
BRDA:123,28,0,0
BRF:31
BRH:0
end_of_record
TN:
SF:/Users/niteshkumar/Desktop/Test/react-template/app/utils/checkStore.js
FN:7,checkStore
FNF:1
FNH:1
FNDA:16,checkStore
DA:8,16
DA:17,16
LF:2
LH:2
BRF:0
BRH:0
end_of_record
TN:
SF:/Users/niteshkumar/Desktop/Test/react-template/app/utils/constants.js
FNF:0
FNH:0
DA:1,4
DA:2,4
DA:3,4
LF:3
LH:3
BRF:0
BRH:0
end_of_record
TN:
SF:/Users/niteshkumar/Desktop/Test/react-template/app/utils/history.js
FNF:0
FNH:0
DA:2,13
LF:1
LH:1
BRF:0
BRH:0
end_of_record
TN:
SF:/Users/niteshkumar/Desktop/Test/react-template/app/utils/index.js
FN:13,(anonymous_0)
FN:19,(anonymous_1)
FNF:2
FNH:0
FNDA:0,(anonymous_0)
FNDA:0,(anonymous_1)
DA:13,0
DA:14,0
DA:15,0
DA:17,0
DA:20,0
DA:23,0
DA:24,0
DA:26,0
LF:8
LH:0
BRDA:14,0,0,0
BRDA:14,0,1,0
BRDA:20,1,0,0
BRDA:20,1,1,0
BRDA:23,2,0,0
BRDA:23,2,1,0
BRF:6
BRH:0
end_of_record
TN:
SF:/Users/niteshkumar/Desktop/Test/react-template/app/utils/injectSaga.js
FN:19,(anonymous_0)
FN:19,(anonymous_1)
FN:29,(anonymous_2)
FN:37,(anonymous_3)
FN:41,(anonymous_4)
FN:49,(anonymous_5)
FN:51,(anonymous_6)
FN:54,(anonymous_7)
FNF:8
FNH:8
FNDA:5,(anonymous_0)
FNDA:5,(anonymous_1)
FNDA:3,(anonymous_2)
FNDA:1,(anonymous_3)
FNDA:3,(anonymous_4)
FNDA:11,(anonymous_5)
FNDA:7,(anonymous_6)
FNDA:7,(anonymous_7)
DA:19,5
DA:30,3
DA:32,3
DA:34,3
DA:38,1
DA:42,3
DA:46,5
DA:49,3
DA:50,11
DA:51,11
DA:52,7
DA:53,7
DA:54,7
DA:55,7
LF:14
LH:14
BRDA:25,0,0,5
BRDA:25,0,1,5
BRDA:25,0,2,1
BRF:3
BRH:3
end_of_record
TN:
SF:/Users/niteshkumar/Desktop/Test/react-template/app/utils/sagaInjectors.js
FN:9,(anonymous_0)
FN:15,(anonymous_1)
FN:18,(anonymous_2)
FN:26,injectSagaFactory
FN:27,injectSaga
FN:66,ejectSagaFactory
FN:67,ejectSaga
FN:88,getInjectors
FNF:8
FNH:8
FNDA:48,(anonymous_0)
FNDA:30,(anonymous_1)
FNDA:30,(anonymous_2)
FNDA:27,injectSagaFactory
FNDA:33,injectSaga
FNDA:27,ejectSagaFactory
FNDA:17,ejectSaga
FNDA:8,getInjectors
DA:7,4
DA:9,4
DA:10,48
DA:15,4
DA:16,30
DA:18,30
DA:20,30
DA:27,27
DA:28,33
DA:29,1
DA:32,32
DA:36,32
DA:38,32
DA:39,30
DA:41,26
DA:43,26
DA:44,22
DA:46,22
DA:47,1
DA:48,1
DA:52,26
DA:57,21
DA:67,27
DA:68,17
DA:69,1
DA:72,16
DA:74,14
DA:75,13
DA:76,13
DA:77,3
DA:79,3
DA:81,2
DA:89,8
DA:90,7
LF:34
LH:34
BRDA:11,0,0,48
BRDA:11,0,1,46
BRDA:18,1,0,30
BRDA:18,1,1,29
BRDA:27,2,0,1
BRDA:28,3,0,1
BRDA:28,3,1,32
BRDA:34,4,0,32
BRDA:34,4,1,16
BRDA:43,5,0,22
BRDA:43,5,1,4
BRDA:46,6,0,1
BRDA:46,6,1,21
BRDA:46,7,0,22
BRDA:46,7,1,5
BRDA:52,8,0,21
BRDA:52,8,1,5
BRDA:53,9,0,26
BRDA:53,9,1,5
BRDA:53,9,2,5
BRDA:53,9,3,2
BRDA:68,10,0,1
BRDA:68,10,1,16
BRDA:74,11,0,13
BRDA:74,11,1,1
BRDA:76,12,0,3
BRDA:76,12,1,10
BRDA:76,13,0,13
BRDA:76,13,1,13
BRDA:79,14,0,2
BRDA:79,14,1,1
BRF:31
BRH:31
end_of_record
